TN:
SF:src/__init__.py
DA:0,1,1B2M2Y8AsgTpgAmY7PhCfg
LF:0
LH:0
end_of_record
TN:
SF:src/amlaidatatests/__init__.py
DA:0,1,1B2M2Y8AsgTpgAmY7PhCfg
LF:0
LH:0
end_of_record
TN:
SF:src/amlaidatatests/_version.py
DA:3,0,K4BcHq6j9qQ7cRidWzMN7A
DA:4,0,rOMIMlbvtyu7gXIIy/UEaQ
DA:5,0,pQWLc/BMrcb7ii2BZQdl9g
DA:6,0,12USX4fxbnQ6YrBEX7ZFoQ
DA:8,0,hNCmssAQZ7qoBdlllGUVzQ
DA:10,0,0dnmCTEGREssVDmkCY5u0A
DA:11,0,iLYM/fV/jWLjZj9/3dNIxw
DA:12,0,AfF3EtmHjV5rYFfAy7jLfg
DA:13,0,zpfTxDWxX1zLd64UN+J3cg
DA:15,0,7BabqqeZRWXhosj6aslx6A
DA:16,0,XmCUjxHo8v2boO21h19jIg
LF:11
LH:0
end_of_record
TN:
SF:src/amlaidatatests/config.py
DA:1,1,7HpIEQVf5K0efdTzo05mJg
DA:2,1,8d2CrmlOB2GQqBsCmpM3Nw
DA:3,1,ihyej8QOBmD4X2Z/VIfCWw
DA:4,1,Y21NOhBn7erm7BIweka30g
DA:5,1,/8f0ZQ5swQb2Y1sgeiN1qQ
DA:7,1,c9OLxyYH9v1tE3z4Kvdctw
DA:9,1,VXTE4xyinKiq5G3rRxSwDQ
DA:10,1,pYHqCoPWxQiGbtbq+b5nfQ
DA:12,1,Jn9us+Gg2tVB8FzpMqV31w
DA:16,1,t/iyXCCuObSO7GdR834Gwg
DA:18,1,XdkWHqEBsaBKCRyRUjc/zQ
DA:19,1,ZrHTs4rBl4T3arKjJeXAiA
DA:20,1,EmQn6voRvxrID0EjQMjkUQ
DA:21,1,jjDMgmeJ7CvLUoQ5EtIK9w
DA:23,1,yT8TBMmOweeXl6QTVGP2LA
DA:25,1,A9zLd1vHIxh0Rae+ijTTUw
DA:26,1,nZeH2cXn5+mEVjH9tEALOg
DA:27,1,S6jEXheyyF65WqF0ykL+aA
DA:30,1,ofsYtwki8cuItKkg+WLPsA
DA:31,1,4/dcSi6V9KDpZ53HrULzgA
DA:33,1,Ft525zREa5bLszlYTBOiHw
DA:38,1,XcvEW0PapHhb61UFkHjwow
DA:39,1,HBwCXTZ1wlAg7ZtrNgw4fA
DA:40,1,rMjslhWGEEOh1w7qOZvpaw
DA:42,1,Ul1m3p6wz/wjMmhoZ+pUgg
DA:43,1,yxCTQSsjmEpPReivdUgjYw
DA:45,1,xkNzv445V9WWXe4GntmhIw
DA:47,1,KxgaGtJPkScc4OG7mJ59vg
DA:48,1,BiOc8nmvEaeHraDrsFp6Ig
DA:49,1,oZwpLNISXVClsDl2Xk4Ulw
DA:50,1,tj+dc9Xaj+WrofSX91lUog
DA:52,1,XI1vkNGEkANYcTJT9yueGQ
DA:54,1,KxgaGtJPkScc4OG7mJ59vg
DA:55,1,KWWw5+AKiKjk8IzEbJ349A
DA:59,1,KxgaGtJPkScc4OG7mJ59vg
DA:60,1,/+li+wDtWrpGXTsUE9RSng
DA:61,1,zRLMDUTvjx4jM7a0MxJ5+A
DA:63,1,KxgaGtJPkScc4OG7mJ59vg
DA:64,1,01XXewCsVF+AJPkKcfSpsQ
DA:68,1,xQVNdxAJxuGw1z9RcZmDQw
DA:14,0,RV2IQGVmYZU3kGhk7pYH0A
DA:51,0,Ji9VVXgNFv8STYOBqZ+z6A
DA:56,0,oZwpLNISXVClsDl2Xk4Ulw
DA:57,0,fZxxOvF0s/BGxJirQ3vOEg
DA:65,0,oZwpLNISXVClsDl2Xk4Ulw
DA:66,0,Gt3PUTkcXrItLvDlpr8/7Q
DA:69,0,4GI3inYPsJCc/IdewODPmw
DA:70,0,fqInnXfCYCOkkQ1PiE0eKw
DA:71,0,UjK2J2yZwP9ua6iHXt+fPA
DA:72,0,R8TvrbTTnmqsguGVW+ilOg
LF:50
LH:40
end_of_record
TN:
SF:src/amlaidatatests/connection.py
DA:1,1,jEc91tz0B1b2beSYnS+UDQ
DA:2,1,fpwGADQQQZ9cEO11HiZeLA
DA:3,1,OF/rmagEcs61EfIk9d5cAw
DA:4,1,/8f0ZQ5swQb2Y1sgeiN1qQ
DA:7,1,brkkoCVIMows+aQbdEZ1aQ
DA:8,0,x9YYL8f04KHNKNLJUVqsMw
DA:9,0,eDhPKfl0pgjNNQEO74EIsw
DA:12,0,XfFOcOvlYlbEvEit6DqcBg
DA:13,0,4Bfh8adYJ52BIfWopJni1Q
DA:15,0,QbjtT9miC/auFqgd+ovQpA
DA:16,0,E2z+ad+nCvPlAX1NpKcGVw
LF:11
LH:5
end_of_record
TN:
SF:src/amlaidatatests/io.py
DA:1,1,o8rt9OfQSRPEsk8KcrEtdg
DA:2,1,Bo+fw5rWJOMiWor90VnO6w
DA:3,1,wbex0Ytf94b7jE0u9OATig
DA:4,1,434OkAYIazkGJKsEvbsloQ
DA:5,1,dgTUdsoINk0Oh0Kv3yQFwA
DA:7,1,IlXsS/+kJ0qZLNpxOtQj+A
DA:9,1,XiKV4fkSoHz7ybGNkWBrxw
DA:38,1,SQCIchXePdAM1T12COquFA
DA:51,1,1xZnRMknDzFD4BzW9ahe/w
DA:52,1,q89NVWm8Q+BZnXw/qjXqgg
DA:53,1,ddZPi1iyV5hoV8R439neAQ
DA:54,1,9yq8UDF/5/Q2hhYaDQhbQQ
DA:56,1,rDY/yKDYR1DCEQC1mcgtBw
DA:57,1,J6U/y02NNVCzojvA/SZNFw
DA:58,1,ddZPi1iyV5hoV8R439neAQ
DA:59,1,9yq8UDF/5/Q2hhYaDQhbQQ
DA:10,0,KgreQkZmYYq+dazvRVQLcA
DA:11,0,LXInevfl7hu3BmmPhorHKw
DA:12,0,zmGCsSmFJpAebHK60OcbSw
DA:13,0,kRg62ZyattP9SZQY3qacYg
DA:15,0,EnkmX1eCFUYwdNEqGf8CzQ
DA:18,0,IxQ9ZSJwAtzA65WbZnYFCw
DA:19,0,BaeXjG7Rb3W20ug/wDl/kg
DA:20,0,4x3a19V/91UD6sIdVosirg
DA:22,0,zOkhLDqNWnE7R0v9TeH62g
DA:23,0,XfQa01XKP/gP/Ny55IHcow
DA:25,0,2f/FmPY69fBEXpcfLD78Nw
DA:27,0,nbP5wV9xMYzM17DocQFb/A
DA:28,0,jeMQL0ZP11MEe8AFdrmazg
DA:29,0,sQIpFb1YIAVHHZgpfVyiGw
DA:31,0,JKxl1BSKhSvQbtCf1gUcyw
DA:33,0,4j3dZT6BYl/cYSuxc6/8YQ
DA:35,0,fK2hHXLX4FAwtKUyImRgqg
DA:39,0,KgreQkZmYYq+dazvRVQLcA
DA:40,0,IxQ9ZSJwAtzA65WbZnYFCw
DA:41,0,LXInevfl7hu3BmmPhorHKw
DA:42,0,zmGCsSmFJpAebHK60OcbSw
DA:43,0,kRg62ZyattP9SZQY3qacYg
DA:45,0,EnkmX1eCFUYwdNEqGf8CzQ
DA:48,0,CZd38qNMKnM3QPVLZ/Br9w
LF:40
LH:16
end_of_record
TN:
SF:src/amlaidatatests/main.py
DA:1,0,7Z9Lj4ed27Wf2hBX6jooEA
DA:2,0,6EqVyswJtxIE+9LVqyxOlA
DA:3,0,mUDsnWRiqW9R9nTILGKIZg
DA:5,0,Gr7aH7iFPADnSUfHt04K4w
DA:7,0,8n1vqjGzRM2qV73xZdOEfQ
DA:19,0,xQVNdxAJxuGw1z9RcZmDQw
DA:54,0,R91JspHnfgDUQJ4iDwVgbw
LF:7
LH:0
end_of_record
TN:
SF:src/amlaidatatests/schema/__init__.py
DA:1,1,0tRnYWT7fnP6+iJzpYJFFA
LF:1
LH:1
end_of_record
TN:
SF:src/amlaidatatests/schema/base.py
DA:2,1,0tRnYWT7fnP6+iJzpYJFFA
DA:3,1,7HpIEQVf5K0efdTzo05mJg
DA:4,1,GusTQ8rnslKGIeoIX1fGdQ
DA:5,1,KZGc9Y72kW0EY7Ln8Ppq8w
DA:7,1,CT9XrugR0VmgtyLiirko8A
DA:8,1,i2G2fMElISp1CT1/pWJTOA
DA:9,1,3pyqk/wIUg+chtiG1pN7WQ
DA:10,1,Emqf2WCNLbMaOek0g234kA
DA:11,1,XWVcidcdDY9dhsvqTfQrEg
DA:13,1,D1SXH43T2SqRZTu4EU0ZwA
DA:15,1,HmADa1g/W1C2Vo9Wm4sNNA
DA:16,1,XoVUOkRyu3PGO4dLV1agZw
DA:17,1,FQMDneqI1pQi9g0CN10EqQ
DA:20,1,8LpUmn9JgiX5RQuVBmB1tg
DA:21,1,25HWDoi1b3vXHZ6XYx7IOA
DA:23,1,BtHuVQOo0k6n/hBzKN9pow
DA:24,1,uRaHpHyXLhJ0FzAiYbse/Q
DA:18,0,wWvyVCzDRWfTVXhFZNNl1w
LF:18
LH:17
end_of_record
TN:
SF:src/amlaidatatests/schema/utils.py
DA:1,1,R6QT1gTcGomsAI4QcwqTgA
DA:2,1,fpwGADQQQZ9cEO11HiZeLA
DA:3,1,AKsz3LwHLAkOd3iBJX56ig
DA:4,1,OF/rmagEcs61EfIk9d5cAw
DA:5,1,hiy/EIkNJjYx0dLfg7xrPg
DA:8,1,++fybJsFSpOOeDJzagBFOg
DA:10,1,BVFDQcI3oWciViWDuBdpIA
DA:11,1,4ikk30qZS74pGMJN0cA6Rw
DA:12,1,B/Fo9U4/nMeRNS1JjGZVyQ
DA:13,1,ITVbM/It0Ckl1Vii10N3og
DA:16,1,QbaCrH40wBVT7HO6+W6PMQ
DA:17,1,KBxAxMVSyvTMOLfCt9LwRw
DA:20,1,ozzEIrPlV7LpAVVCKAYmrg
DA:21,1,eon0sl5n8ayk2n9jeEKadg
DA:22,1,nR9D9dFPN8Bx5Inj5Hgelw
DA:23,1,tf+g1zFPC6de62Gsgylbww
DA:26,1,if1snJlgEV1UEyjXgjDrwg
DA:31,1,yBB7g7OjIu7lc7TzyKIcpw
DA:32,1,DFQ5Gl4TppkRBT2FO61DmQ
DA:34,1,H4fftg1CL6eLibSDND5kUw
DA:36,1,+O99oX4QGRnbUSm4rJeIIQ
DA:37,1,BVFDQcI3oWciViWDuBdpIA
DA:38,1,0yypvBSBDsJTwJ+m20Ygrg
DA:39,1,5QNBGxF5/x8qYlg+hHS1sQ
DA:44,1,xQVNdxAJxuGw1z9RcZmDQw
DA:14,0,Re9q7nFGr6AeAzv1SG5aWg
DA:15,0,bKkSfucls8CZDWT5t/8Quw
DA:24,0,ID+sBpUKqLAPljoKOKFAkw
DA:45,0,pCKLuKFwxw4JQHL+G2gJ4A
LF:29
LH:25
end_of_record
TN:
SF:src/amlaidatatests/schema/v1/__init__.py
DA:1,1,vaqsBn2IJzSzqYypAUXqqw
DA:2,1,aqJEq36cJQGkB4wT+LvFDg
DA:3,1,3CV0TXuut7PGBT23Dve9lQ
DA:4,1,RMK9/dRlrq8RPAqMzz3F0g
DA:5,1,u0yv3H8M91x3iE1kuTXOIQ
LF:5
LH:5
end_of_record
TN:
SF:src/amlaidatatests/schema/v1/account_party_link.py
DA:1,1,7dLvuSpZJpzmyJNsBmIkEg
DA:2,1,OF/rmagEcs61EfIk9d5cAw
DA:3,1,kFXTZM7FWzBo8bGnGcgNTw
DA:4,1,uUZflZ0jsfV0KXKzWgqZKw
DA:14,1,+TT9TX7jsj9IKCL2/11V+Q
DA:22,1,H66RNafthRvbzmvtSxrRfA
LF:6
LH:6
end_of_record
TN:
SF:src/amlaidatatests/schema/v1/common.py
DA:1,1,0ss7XttiVRrGiY7BN1lJJA
DA:5,1,X8wMBcn32aYEdDKNZgQ//Q
DA:6,1,mTbtQQEX5SjuvQd8rqeNtg
DA:15,1,dfYKuc64TZWAcddwt5Vqpg
DA:16,1,mTbtQQEX5SjuvQd8rqeNtg
LF:5
LH:5
end_of_record
TN:
SF:src/amlaidatatests/schema/v1/party.py
DA:1,1,9VDH23MUQAhGtPeGMV+6yg
DA:2,1,OF/rmagEcs61EfIk9d5cAw
DA:3,1,DTrtCFRr42GnAzfiHJQxRQ
DA:22,1,hGXdt3k+OJBwDTPK3Ern3Q
LF:4
LH:4
end_of_record
TN:
SF:src/amlaidatatests/schema/v1/party_supplementary_data.py
DA:1,1,9VDH23MUQAhGtPeGMV+6yg
DA:2,1,OF/rmagEcs61EfIk9d5cAw
DA:3,1,/XWJveV+Nm1dflHcwL8Bnw
DA:22,1,RKTZvR3lGvGBJMZCcHjEjA
LF:4
LH:4
end_of_record
TN:
SF:src/amlaidatatests/schema/v1/risk_case_event.py
DA:1,1,7dLvuSpZJpzmyJNsBmIkEg
DA:2,1,T77nsuA6M3PD30ytLRmCcA
DA:10,1,nlxxyLzVFEA3nJFprd+lfw
LF:3
LH:3
end_of_record
TN:
SF:src/amlaidatatests/schema/v1/tables.py
DA:1,1,U/0TvqueFxdcVFvAgmxyUw
DA:2,1,EgrqhfCj8J0AzMeR4ILQUw
DA:4,1,EVgX/EmYgDh9kPn+ybL2lw
DA:5,1,J5fC6um1nZrSklTKVezhKg
LF:4
LH:4
end_of_record
TN:
SF:src/amlaidatatests/schema/v1/transaction.py
DA:1,1,9VDH23MUQAhGtPeGMV+6yg
DA:2,1,OF/rmagEcs61EfIk9d5cAw
DA:3,1,IfY/KLnT0HxA8fRBEiLcLQ
DA:6,1,p0hRX5Nxt3UvrbuNH2H74Q
LF:4
LH:4
end_of_record
TN:
SF:src/amlaidatatests/seeds/__init__.py
DA:0,1,1B2M2Y8AsgTpgAmY7PhCfg
LF:0
LH:0
end_of_record
TN:
SF:src/amlaidatatests/singleton.py
DA:29,1,50k0FpQFtVUqNFoMXZz8cA
DA:30,1,vRaOBCrOj5sJ/0F+vWy31A
DA:32,1,XifLjCwuUIGafZ8mT5oDag
DA:35,1,M1GrAaDIJF7/7yBbe2Z/Tg
DA:36,1,0+kbvSAOkU357POPHv/rpA
DA:38,1,g+N7FDnHklGSboLZvUDMig
DA:39,1,uuvA3ZZ50+ovD38vUDspEw
DA:40,1,35O+gNuZIh6RrWy7mOhU2Q
DA:41,1,rLEEQdEGEpRH3UvpXFBgRQ
DA:43,1,kXrKFe0+1nSsbdBGqpJkeA
DA:44,1,0WCim0CyDlYDM6h+mLJQwA
DA:46,1,KxgaGtJPkScc4OG7mJ59vg
DA:47,1,4D09Jnj+HjMyH3mDIZjgbw
DA:55,1,KxgaGtJPkScc4OG7mJ59vg
DA:56,1,hlVDZI2tAWqrc5142DZzgA
DA:48,0,q2ygAwoLwCcdnzN6OMLJzQ
DA:50,0,xD//Fkn+kpQyWk8pVb3isQ
DA:57,0,khRsKtDiELP3PwnfXX8zUg
DA:59,0,5othNQQlCJgBs2tfCkFP8A
LF:19
LH:15
end_of_record
TN:
SF:src/amlaidatatests/test_generators.py
DA:1,1,l3nhicvq6q+R3WkfKdsNMw
DA:2,1,m7XN/LHLG9ugAVAbXdHdxw
DA:3,1,bVwdASY9zk6hIujE54qc7g
DA:4,1,NWbuafsn2pX4cCkfJitSIQ
DA:5,1,iOJcQMkAE92KtkTPaRaEpA
DA:6,1,Xjx3WwhBp0p4jmvZg9B74w
DA:7,1,/THFWGwVFlxo9ZW4oD0R0g
DA:10,1,82HOI1INxIdJMwnIS1DsJg
DA:14,1,09BBTdQIy8szdetmaFuPyA
DA:27,1,o+/yi93Ci3HABolgATxwoA
DA:28,1,J/H+rPLqo5te5OF9UKDEig
DA:34,1,Z6pQJplrPl0JLHOVZrdArg
DA:44,1,hEH8ow22c1r8/tcxvHLOYQ
DA:48,1,+vbkiJEuRoME0c9U5+JKiw
DA:61,1,e8bhoghycUzwnZTGXEig7Q
DA:62,1,fv6tZAH3Nn+SHcyHM2b/zA
DA:64,1,H55jY2Byy89EBaCEO/gmzg
DA:65,1,Y30M1RL+bXC9141yN6/tHQ
DA:68,1,O/Gr7Aq9NjkGjlj1BQOI7g
DA:70,1,Q4qCQheplUUE8QheNzQShA
DA:71,1,Acn3QPtX0038sJ+BsFKutA
DA:74,1,O/Gr7Aq9NjkGjlj1BQOI7g
DA:76,1,1w6/zNenfz941tzZtYerag
DA:77,1,uMnlgfvjH8x0FcoroGZfTw
DA:78,1,HRmYgrUgQRrlHMAQ7gWdXQ
DA:79,1,JZeIO/Dr5vEHUthute1LfA
DA:80,1,NTrsP1Huw4GDzPLbi22UkA
DA:83,1,7FiAcWj1ayEShGJnOI0z5g
DA:87,1,H6jAg4mv8Ciiqm98m3mj4Q
DA:97,1,9/drJS7dMrquX4eiMrq/5A
DA:100,1,vdOhtpKH2o0BcXZnipZmzA
DA:101,1,fv6tZAH3Nn+SHcyHM2b/zA
DA:102,1,H55jY2Byy89EBaCEO/gmzg
DA:103,1,+IM36F5use3beMiTaTJTqw
DA:104,1,GgHZqvOrKtNURPciOrPQ3g
DA:106,1,Q4qCQheplUUE8QheNzQShA
DA:107,1,XiouJ+ybj8gcf4271JO+TA
DA:108,1,GgHZqvOrKtNURPciOrPQ3g
DA:111,1,Tz7omiERV+Ofrv+O1wfn4w
DA:112,1,mlvl/nSvDS8MrEM5G08/lA
DA:114,1,7FiAcWj1ayEShGJnOI0z5g
DA:116,1,AZVHHiivwRj838KS8Sqh5w
DA:119,1,+zo09oHM8F5GWgwhch0AuA
DA:120,1,eICA0GIck5K5Ar6wyti7vg
DA:121,1,Fuk6DGnRpAsKKpKSO6kmDw
DA:122,1,6iUDGg7wOeX9+nuIx3y9vA
DA:123,1,JbMXXe0ls69ii9BrKVDIxw
DA:124,1,6c+LyGwiVCLrObofNm55Eg
DA:125,1,2MouvkfYYKfOfC95Fszc8A
DA:126,1,Rp80ghjjpfX78BBwWRRI4w
DA:128,1,xrW7Q0l6R3fWREGYV7ON6Q
DA:129,1,E+sVKpzMw9Lya2+QFmkXhg
DA:131,1,GudRa3D6uaxVXpo4oiRz6A
DA:134,1,aIxYfXf6N8HHwAxsbtnLnw
DA:31,0,o0VDYigRpIFZMdlx0hRFyg
DA:98,0,eJ6zrxnLWn/k18a2vHOhRA
LF:56
LH:54
end_of_record
TN:
SF:src/amlaidatatests/tests/__init__.py
DA:1,1,ArJ2/VtoD7R8QpLJwFUE/Q
LF:1
LH:1
end_of_record
TN:
SF:src/amlaidatatests/tests/base.py
DA:1,1,TPi4NwMqSyMP/EhQ7c8zWA
DA:2,1,K1p6jbKC8yAwj2QBIAIETA
DA:3,1,vMrxkmi6BodukxNtyN/WnA
DA:4,1,jEc91tz0B1b2beSYnS+UDQ
DA:5,1,uqQzsyLE2snBclOsmsd0qA
DA:6,1,p2cujZM0F5y5Ni4J+7Lypg
DA:7,1,3rVQoH2U5BBIeoODP7e8bw
DA:8,1,OF/rmagEcs61EfIk9d5cAw
DA:9,1,eVP38wze70uFeplcXsiuAA
DA:10,1,OszntJlEhByYBo2xlq62NA
DA:11,1,WtS9yVzm1qe0h0Wq9dPIzw
DA:12,1,6EqVyswJtxIE+9LVqyxOlA
DA:13,1,4ALl6d9EhWWiUnP9ESDw+w
DA:15,1,B171DvJKvlRywGHldqdbtA
DA:16,1,9SNNjaAlIul2jNsFk7iOYg
DA:17,1,fLcCmgkw+n3fa7PHXH+iPg
DA:18,1,Sy13jUeR4eiXJStA1nNn+Q
DA:20,1,sPi9E7FXuPb/DuWwzM9cAw
DA:21,1,sVOAw26+IWp0Uxg4DDEP6A
DA:25,1,irGbwfwsMV/mamPXk5qLaQ
DA:32,1,j+CcxAIEiLeqjzkbiEHnZA
DA:35,1,oZRlYhJ6PaPzeeC9b2Ccbg
DA:36,1,PdeqDqr4bOft68ON3+/7kg
DA:39,1,8w5vz80WV8hlAiAxx4T7xQ
DA:41,1,k9memMx7ZA97vrjBqiIAFA
DA:44,1,QjnukxbVAUdofvgncKmU9A
DA:45,1,M0hQVnmcGO7wN961lz2BiA
DA:46,1,cg0vxdll6aEZ5yZJVA5tmQ
DA:47,1,V/9/wmg9bU51HNRbD1xQBg
DA:50,1,50N0lSYU4YSsYBJH36CvCQ
DA:53,1,4MBJCoGa/EdHEn2NuOPCow
DA:54,1,B7Wig83kQ4a9RVszHzzv7g
DA:55,1,IlOQqkqcqP5Ufdu1g11ktQ
DA:56,1,A0fEo1rWbYxRifAc9MhNDw
DA:58,1,7T9UCDJkFY43/no7dqnmFg
DA:66,1,tCW96xzCIRIckI9t7xsccg
DA:68,1,+4cYEfyC3Fe62FGrhvBQMA
DA:69,1,P0JYS0PJ6DZACwALXBnqQQ
DA:70,1,sruvtonEnQJnIbKvISc62w
DA:72,1,HmADa1g/W1C2Vo9Wm4sNNA
DA:73,1,7ZThjOb8LC5qjv7BER/8cw
DA:78,1,t73lvRGdlTJ5K7xTBF3wYw
DA:81,1,k7mPUGfT/X/ubv8k3tMYfw
DA:95,1,O+j727wPD4tUdcVHrfr2UA
DA:97,1,+4cYEfyC3Fe62FGrhvBQMA
DA:98,1,P0JYS0PJ6DZACwALXBnqQQ
DA:99,1,0y7FS4QlnOuZwLz899SC4Q
DA:101,1,HmADa1g/W1C2Vo9Wm4sNNA
DA:102,1,7ZThjOb8LC5qjv7BER/8cw
DA:105,1,hA0EN4DT4cSVmWxUQfARmA
DA:107,1,t73lvRGdlTJ5K7xTBF3wYw
DA:110,1,2Ne9WOIElkRLV9FRBM7wkA
DA:120,1,Ch92IVDGqGsp0I26VAuzNg
DA:123,1,/bXaAzCWv1S6sec3jt6LLQ
DA:129,1,bcfBK8B7H8mq/VQRXgmoFg
DA:131,1,eIClrlUsn+YXip3a9L4acA
DA:137,1,o+MArQz6/Y4wAztzfTUD0Q
DA:140,1,Qus3NuWtjcUWc5CAljsdvw
DA:141,1,LDp1Ri3VOjVP2YDtc21d4w
DA:142,1,0y7FS4QlnOuZwLz899SC4Q
DA:144,1,HmADa1g/W1C2Vo9Wm4sNNA
DA:145,1,7ZThjOb8LC5qjv7BER/8cw
DA:148,1,q54JqoyrrNS6AQ+9/v/QFQ
DA:152,1,PMY4sB0UejYpbYtHbdK55Q
DA:155,1,jDwxHKe3gZEIxqmvDCPXZQ
DA:22,0,X4vEPl7JSzweIH9YYJhfng
DA:23,0,4qlPH5ky8LWDMIzayGnCvw
DA:26,0,rmMBkqd4mOQRen0/izn6Fg
DA:27,0,M4/gqLbuP21tmaFk/8dd9Q
DA:28,0,cLVIycbEPIhWpZkvhCYFMQ
DA:29,0,7V9tASDBsxN1gwDS9NnW3g
DA:30,0,WRaaEnzp/brsMaasJ/7Twg
DA:33,0,OPg+D+04JOg5B5m7cgdqHA
DA:59,0,wyDr1RUKEfQshCdlRuukNQ
DA:60,0,2QwPSTtYnu6B3ITwBKB/sw
DA:61,0,Lzp+4q2YjhsRrL1hy6V7mA
DA:76,0,apkQQtiiE4JOuDIBvLOUjQ
DA:79,0,G92+VfUfow0+s71xT4Fn2Q
DA:82,0,xjcDBnSwra0OiNOAYAwoHA
DA:83,0,SGLYhlK5lgqQD+LCmkhJKg
DA:84,0,Ye9XF/eoKpd++UQcn5Bpeg
DA:85,0,gOxGacemk8l2USAfE0s3xQ
DA:86,0,5J7zhOkmX8IlmSsjIqAIpQ
DA:87,0,51EBFeFyR6nCzrqK77sINg
DA:88,0,OF5F/552OPfopdwErU0+kQ
DA:89,0,Y4xpkK01Cb+iwS2TQrFI1Q
DA:90,0,LHZCwHWptoKUby+mdBLA6w
DA:91,0,04v4hLjs5ulxzh1FLwSmFQ
DA:92,0,upp/J7TgTsy4Zhl+4pwEXg
DA:108,0,G92+VfUfow0+s71xT4Fn2Q
DA:111,0,xjcDBnSwra0OiNOAYAwoHA
DA:112,0,RtHyC5Y7uiQVeNxauW1LzQ
DA:113,0,MnzpXe1veqpfA7nIMRo0OA
DA:114,0,EX2BlAaBKQ86yoKmChydVA
DA:115,0,aPjaJgsG/L7VWx1oyjEVLA
DA:116,0,Qhq6bvXweeruQqUNh+IeBA
DA:118,0,+hNLxzOscdFQpaxktnBcUg
DA:121,0,wWvyVCzDRWfTVXhFZNNl1w
DA:125,0,MHdtUC+el5fiwcmWUHjRTQ
DA:126,0,JKybddWdmPXuEDi5lZg0ow
DA:153,0,KvqJzadkLEmMQ3p1k3NWww
DA:158,0,MHdtUC+el5fiwcmWUHjRTQ
DA:159,0,mEJ79JardtGB/SYYtyNKug
DA:160,0,zomi70N8XoPV+hm5YMKtkg
DA:161,0,5YzwICIb74Xu7Rdhgh4X4g
DA:162,0,LuJ/ePOmgdXvTeWq5/OQ3Q
DA:163,0,xjcDBnSwra0OiNOAYAwoHA
DA:164,0,MS7VFV3z7IpwI2WFqnW6PQ
DA:165,0,fM74faH3AYcKE/XXRSMGHw
DA:166,0,U/NmuacaYv7WUDGqkkFdQQ
DA:167,0,DVjAmqtdvJBaAmXiWDp4UA
DA:168,0,aH8F01ldP0zF7HxRQPE5yQ
DA:170,0,B+ZJQ8zBxPMiDZhsnR0Fag
DA:171,0,JKybddWdmPXuEDi5lZg0ow
DA:172,0,eWU3FJkr0poZQpkYY+KMAw
DA:173,0,10dynCpKN5OEMiMqRyBy5g
LF:116
LH:65
end_of_record
TN:
SF:src/amlaidatatests/tests/common.py
DA:3,1,/wxPxs/W03OeuC4sW2baSg
DA:4,1,fpwGADQQQZ9cEO11HiZeLA
DA:5,1,eMqO3lfE4OrewCQgXbcTiw
DA:6,1,14Blc1F5GR4s02zTpRijiw
DA:7,1,OF/rmagEcs61EfIk9d5cAw
DA:8,1,s+4lf0PJsX7BvIdTb65IBQ
DA:9,1,3rVQoH2U5BBIeoODP7e8bw
DA:10,1,uqQzsyLE2snBclOsmsd0qA
DA:11,1,eVP38wze70uFeplcXsiuAA
DA:12,1,uqQzsyLE2snBclOsmsd0qA
DA:15,1,8HJvYTqjyo3DwEdhCA9WLw
DA:17,1,DX/i6twzyQQ9jsqGTfDkDg
DA:18,1,TPWmU0JcPlm7j0B7J68MwA
DA:20,1,a+E/ui4Atid2HroUjkjrGw
DA:29,1,kiys9b92BvyWoRg8Dx3WCw
DA:31,1,xaYemww36eewjkX3rOvltw
DA:32,1,PKzt6K3Pu16mwBlzkBRzig
DA:33,1,ALcbTYxDHIZRX2D7OoTNUw
DA:34,1,t3atWdJR0hLsRKighQXyqw
DA:36,1,a+E/ui4Atid2HroUjkjrGw
DA:50,1,n6K0DtbBbAkryNYNsmIUaA
DA:52,1,5PxWuMqZfd6xVi4BoJnPJA
DA:59,1,t73lvRGdlTJ5K7xTBF3wYw
DA:69,1,L+kKyUUhli3/dJw3/gsMsA
DA:71,1,XDodrbmEhNhqx6Le0rYxTw
DA:72,1,/qZ1BE2jZj282KPFC0RpUg
DA:73,1,lvkJtCROCMGPiQEYmEIb7Q
DA:74,1,zEXgtvkQLiFkw7j0tq51Pw
DA:75,1,7Mue5L4qz3b+pVlEYtK0Tw
DA:76,1,eYvQ7VlWunuPrJpdofqnzQ
DA:79,1,t73lvRGdlTJ5K7xTBF3wYw
DA:99,1,EzScrFaeDz6uhlw/cnLKlQ
DA:101,1,R4rDPtj34TiBAdKQ6GbQHQ
DA:102,1,rliiuORDJ/Y/lVBrdR4DGA
DA:103,1,7Mue5L4qz3b+pVlEYtK0Tw
DA:105,1,t73lvRGdlTJ5K7xTBF3wYw
DA:114,1,e7+UtwscB2NrXlpjxOB7JA
DA:116,1,a+E/ui4Atid2HroUjkjrGw
DA:122,1,yb2A6x0vJmCdAGAXcRvPiw
DA:123,1,PdeqDqr4bOft68ON3+/7kg
DA:125,1,XkPTTaJZzAbi/9xh5zfDlg
DA:127,1,a+E/ui4Atid2HroUjkjrGw
DA:156,1,Nnqu9X+lU2lagW39QNhFWA
DA:157,1,5vmQhSGNd6NFVXCz2gs/Gw
DA:192,1,Nnqu9X+lU2lagW39QNhFWA
DA:193,1,ILvXBi64mjnz1WNCwUUt+Q
DA:224,1,EPEtfKP/F7ISp6cXPHoJdA
DA:226,1,ly/9dOQJ3GWMLvg4LtTLIA
DA:227,1,BkeBXVwoqj9LMEVGFo5K5w
DA:228,1,xn6qlTFKaS0hlzM7p5CruQ
DA:230,1,a+E/ui4Atid2HroUjkjrGw
DA:257,1,42KCLNbI4eO8kHygyzDdkA
DA:259,1,Yan3/VJA3OJp7ke13AIcdg
DA:272,1,a+E/ui4Atid2HroUjkjrGw
DA:293,1,3/WZMnQ9ayh29jK2ZAqk8Q
DA:295,1,a+E/ui4Atid2HroUjkjrGw
DA:315,1,y+gdydH48YDfjmGoooBw0A
DA:317,1,a+E/ui4Atid2HroUjkjrGw
DA:339,1,WNcmowt6Px72UdII6XxTSA
DA:341,1,rusrVDE7qmIgwdaXQt345w
DA:342,1,v613Iv59oIksDluKCEwDtg
DA:343,1,j+aRs9r7rbDNlRtc4a/47g
DA:345,1,HmADa1g/W1C2Vo9Wm4sNNA
DA:346,1,7qU67H6zoYYsUO5/v9JhFg
DA:347,1,hXwkgGW4HfqUv0Kzv/KTjA
DA:349,1,a+E/ui4Atid2HroUjkjrGw
DA:356,1,1euqolkle15PjjqFsiWCGg
DA:358,1,xVSKUN5Wd+AvOTc0Yo6slA
DA:360,1,BkeBXVwoqj9LMEVGFo5K5w
DA:361,1,E4+LSbNh6UROQ/lirA587g
DA:362,1,eoWbVq5NueyCjohbQuzW4A
DA:365,1,a+E/ui4Atid2HroUjkjrGw
DA:377,1,GxCHXrBcr4/I4DlgG9MrTg
DA:379,1,yMoo2lHD8cUoyEhbXVYg7w
DA:388,1,VgMYyzlDnLr7vJrZpQCa+Q
DA:21,0,bN0mCncaPEJod3GCZI2TGQ
DA:22,0,t+Np7rbk+nyj3hgstZqYvQ
DA:23,0,8VnqX4FjT2HwgTGZLoJfXA
DA:24,0,zathBlwj01PB5G4AkkMLkQ
DA:25,0,YsFpKyHaeFR8syjOcgOS1w
DA:37,0,8N40fLhATKW6kBycJITj5g
DA:39,0,9BI2o7qiY5yiz+dq10U4+Q
DA:41,0,6zbgNaz76C6LC0SkUde1tw
DA:42,0,HqyrkEDMV1hvJbkChTSrXA
DA:43,0,ehXjUIYk8mVSB4Y0HpwJLA
DA:44,0,c6etgTDsZDZwQcPUo4pzOQ
DA:46,0,dLcSGbFkVDIZk/zX4ClWPg
DA:47,0,/ifnJ6GpuDT4S6TBJrFhYA
DA:53,0,TPWmU0JcPlm7j0B7J68MwA
DA:55,0,Xspco0BHLmXP3Aa2flEnkg
DA:56,0,z7DIT3njPMvERQ1811gHJQ
DA:57,0,dMz4eFypFlNrlM6iJN4IIg
DA:61,0,8kCSYRVBTLkdnguv8WrvJQ
DA:63,0,wFHjgRyHt87r7U1BXewZhw
DA:64,0,v/KCzZ4k32CKWc4LVrQYXw
DA:65,0,5zAF61VHM7g5GG3fvIJ7Xw
DA:66,0,bq1wvH0mE9BsDZkGiEEOgg
DA:67,0,v8fkv8gGLIRcabQUkD7ACw
DA:77,0,nQ+2BNj1Mhd8UM3TbwhBPQ
DA:81,0,38f7Ga74KCtaxPW51YGSUw
DA:84,0,U0CyqhbIYM4ZiY4BgNC+Jw
DA:85,0,AF8CehueqeIUtcI2L11oeQ
DA:87,0,mbdrbveTvoDM3YvH+tigBw
DA:88,0,3D1phtejCZSPfu1nRbMXlQ
DA:89,0,sn7RZSKeECZry3TY+w4qDA
DA:91,0,euyQvtm/lXzuEVGflVBi4w
DA:92,0,4YrpLAxyO0+fEfpLFrP5eg
DA:94,0,m/zApWI8McJLY2mbJYi8cA
DA:95,0,aqhBO0EDyay1w0FF64yxbg
DA:96,0,Q8JiGS4WMxTXvcQeJYqcpw
DA:97,0,cozj37ehXlKsMdyQ14e3yg
DA:106,0,bUyukWFOshdjqE9f+b0McA
DA:107,0,zzgX2TyC4R5kfjBIiFb4dg
DA:108,0,AaIZSspbCTHWD1fyPBQ7Pw
DA:109,0,3FLsFfgtfzJNf3xYvfdSWw
DA:110,0,yuu5L8RLNWm7ThLWMKsjHA
DA:117,0,xjcDBnSwra0OiNOAYAwoHA
DA:118,0,3VvmiK3vW4DiMFIBxtwBsg
DA:119,0,FaF2SktukO5XE6hXYGfSgQ
DA:120,0,6j3Bd9GgXnFkMNZPJ8bzhA
DA:137,0,T7Qi3wLaE9LEK06VNtFF5A
DA:138,0,f1S414InKRV3zOgxTARbew
DA:139,0,PCgarla/TlYqHq4rkrwoQA
DA:142,0,6cQVwuqw4eK1jID1meU6Sg
DA:144,0,xvWIcpcyNr0gyGcTkdMxXw
DA:145,0,ovP8r8upwtJ0Iar5J3wc4g
DA:147,0,hHxeqRuSGnYwUnXHJqM9oA
DA:148,0,LyRYBTs0Ub+zqAZx1q+cHA
DA:149,0,44Zr0FJxEweo3nQesEFvTQ
DA:150,0,dquiAd0b6I3SPuVFJDK09w
DA:151,0,mGj3cREo5LgBH5ToYOLisw
DA:152,0,xBNvHkUlQ680yJFEOQqLkw
DA:153,0,LyRYBTs0Ub+zqAZx1q+cHA
DA:154,0,lw2y6+ynDzU8iuTJHFrVgw
DA:160,0,d0y3ujY+Fbyf/4PZXD4OcA
DA:161,0,XSY6P6MdX1m+qLY9kYXFbQ
DA:164,0,Wkr6ShzTNO/tKykZdDfG9Q
DA:165,0,GMoO9A4cy3SawhOKn8K1zw
DA:166,0,Wkr6ShzTNO/tKykZdDfG9Q
DA:167,0,FLvhSxjeAcMWVDAQ+sS0pA
DA:168,0,9nJBULRvLRF4peRaMdKFeA
DA:169,0,SZkvJJCPsw+StbfzIkukyg
DA:170,0,IPDinQEEBm4tNWD9zp66sw
DA:171,0,gGcdDhDfsXVmWgn1p8zAnw
DA:172,0,3stlJEd/q2JIlncdRhFwag
DA:173,0,OCYo0Wyz1SouYzlMukE80w
DA:175,0,cBSAEv402D3S74Cz7Nz5eA
DA:176,0,2sxz43I3ma/HJewPIdu+OQ
DA:179,0,//LKV5AMs5L/ajyl7dN3VQ
DA:180,0,j4Tr1XXsWS9Xbd0rP7tTlA
DA:181,0,TCaRPxI/1mwar4uK+VXIHA
DA:182,0,f+ntiFZMu2eHScTB1UdvMA
DA:183,0,odY+nJH3fSRGElUSwcIE7w
DA:184,0,f+ntiFZMu2eHScTB1UdvMA
DA:186,0,9SCsztO2gGhl+jhsLupKZQ
DA:187,0,HKu2DRyyWsBnl8n1y1TcYg
DA:188,0,dhs+Wc1evlBGsRFGwPHQuA
DA:190,0,BivTuGxawnfgCZWvsm4BKg
DA:195,0,7Pf/EFFl/+pk3UTE9+7nqA
DA:198,0,5wmOJg13aoSOX7mqiVNwKQ
DA:199,0,K2vO87J1lP8JCZmdjtWlAA
DA:200,0,VkD8T5vUztnoMhqam/ZrxQ
DA:201,0,kXt58GxuTqz55/Zc/VF0Gw
DA:202,0,3hKwTLnuCZ2C4KRBJKEMhA
DA:203,0,b/JcBo2M80hNs2T5Nw0PWQ
DA:205,0,ncDneNiI3reNwk4RnqGEPw
DA:206,0,coux0l+FtgeMVU1l3kSGbw
DA:207,0,s5Ff6hUfHEuBd9ZOMNO3Ww
DA:208,0,bWVJxKI6KqWw69xj+a8cLw
DA:209,0,3uhgPDxzPH2px1QAeO3oUg
DA:210,0,QDINtYMUycPMERuFVhU7nQ
DA:211,0,sk53mCLUeGFtlTjC7ZjRiQ
DA:215,0,Y4DmUdVKwFrs4NBebt5Apw
DA:216,0,KwEr5G3ktqF1JbCw7i38rw
DA:220,0,oto/I9CmdQWtNXPuwdw73w
DA:221,0,pWm3n6RHzRSvVJADoOHE/Q
DA:240,0,3bg1Ms3l9jKpJm4O+ueHOw
DA:242,0,hX6Qiw42ebyCJmIULgbDwA
DA:244,0,HmOuPzf+UytFa8aYRyTwfA
DA:250,0,nVQ2yUckH6TacPhxCLWWXg
DA:252,0,LYZ3fnbzOvMk7QIvG+bX4g
DA:253,0,Q2LkgZuoFvsnWFx8VNTzxQ
DA:254,0,8KR8x+43zDZdW9P9uzfhng
DA:255,0,X7NVb5paI2vThOyVY3EWMw
DA:264,0,Gkr0DxUA+VvMY6MhZ9U59A
DA:265,0,2TG52NNutBb5AFuPfRUyxQ
DA:266,0,RFrIe3w03N3g+E2G4rqmIQ
DA:268,0,E7RSfOgBnEic9NGTAkOZ8g
DA:269,0,srwlHcghpgI5ZZPFbnC6uw
DA:282,0,3bg1Ms3l9jKpJm4O+ueHOw
DA:284,0,0SohCYtet1MROz+bZZmkYg
DA:286,0,0SwkzdLUKuCmxFCDqiPA3Q
DA:288,0,I+dK1hE1zZq0Iz3L/G2l1Q
DA:289,0,MnzpXe1veqpfA7nIMRo0OA
DA:290,0,K38/HQ4mdYvTDHo/+lZ6Bw
DA:305,0,3bg1Ms3l9jKpJm4O+ueHOw
DA:307,0,Z1OW7VDppq7WD+hqX/EkpQ
DA:309,0,pN6l7FT4cSPaJLd6io2zvA
DA:311,0,h/VCOLDliZ+49XLWUmgNUQ
DA:312,0,MnzpXe1veqpfA7nIMRo0OA
DA:313,0,miBsNU6mJN/HMFeS1dzNnA
DA:327,0,3bg1Ms3l9jKpJm4O+ueHOw
DA:329,0,vUBhTEADrCk3DkBYB5O+jA
DA:331,0,pN6l7FT4cSPaJLd6io2zvA
DA:333,0,h/VCOLDliZ+49XLWUmgNUQ
DA:334,0,MnzpXe1veqpfA7nIMRo0OA
DA:335,0,R+X3LSfKUrYV/6t+Xh+JEA
DA:350,0,fW6RvqcylOEFirioaE2Opw
DA:351,0,cJ3y/0/tl9LW0cpW+FzSUQ
DA:352,0,tWd16BtVTw1f2SLQIai7xA
DA:366,0,3bg1Ms3l9jKpJm4O+ueHOw
DA:368,0,hjHRVqfJ8PbqVrlc1VLOTw
DA:369,0,zFv5CVdJ0gUGqTbIvzFNQA
DA:371,0,Kzx8xW/AudkkMT0AVnyz+A
DA:373,0,xVlbogIHQyEFB4ZmF1geRA
DA:374,0,cJ3y/0/tl9LW0cpW+FzSUQ
DA:375,0,WFdwAZVpgaPFYxFyFSLE5A
DA:380,0,0y7FS4QlnOuZwLz899SC4Q
DA:381,0,r/Yfu2pro/Ww2x05cA9KxA
DA:382,0,vXblGbDgFOmMY8mgceJ/0w
DA:383,0,/wxB4KQ7hsYsOa6lLAIj8Q
DA:386,0,FoIwSIJihK89UXB9F5VD9w
DA:389,0,MdfMj3UR/8+peML9l+gFQA
DA:390,0,cJ3y/0/tl9LW0cpW+FzSUQ
DA:391,0,/O1XTP/pi1atMT5xVQ6AUA
DA:393,0,cLxlCQVhWVrZQx/iZFCw6w
DA:394,0,l6TjtYHqcNyGECUCc2lV5w
LF:227
LH:75
end_of_record
TN:
SF:src/amlaidatatests/tests/conftest.py
DA:1,1,egvKqOEXWSweYLFEIfoY4g
DA:2,1,qaCGhWPM9GgHwztRaq/bmQ
DA:3,1,ihyej8QOBmD4X2Z/VIfCWw
DA:4,1,UK6mfWrMcVFUe5fumx/PbA
DA:5,1,ad5x0zBNCbqo7Bty2hEc1g
DA:7,1,6EqVyswJtxIE+9LVqyxOlA
DA:9,1,jhgCo7wCGS9F32lpa4P1YQ
DA:13,1,aXSqOVXwwYFFJ5lMLYC3cg
DA:16,1,SFaUcQxO4KIWwVdgZ8GzxQ
DA:17,1,hTE1rgDMrPr3J1EpZDoxSA
DA:25,1,m0CvueTMTpHVjyBC/tRDDA
DA:28,1,UXVWPX3vICoIfWBTd1ZwiQ
DA:29,1,CLSpjzKR/psJoH8ZxgCyqA
DA:30,1,VefyMZTy+X2DVVwSNax8LQ
DA:36,1,zBObD0uFIsu2DjwGF5nefQ
DA:39,1,kgfpnMyZCCDkaayn7YrxIg
DA:40,1,fdJY4ScIxkCviLy6w/mWlg
DA:42,1,KHPjnAUhB0KHtyDItbWpdw
DA:45,1,vO4SceOtr4Q8N1bFTQkbPA
DA:56,1,IqbvPPDgSKaDNXx3ekbx+w
DA:57,1,l6TjtYHqcNyGECUCc2lV5w
DA:58,1,ImRoguLsz84AZyz/owijew
DA:59,1,bRX2JW6u/Lgpc/yJ6/qC5Q
DA:60,1,tsfN/Eg25tpwOu6NLbCOEQ
DA:61,1,kV9wNLJovwRB5VNPO89BbQ
DA:63,1,uSUK8+PGG/ZTG5VoVWmxCA
DA:65,1,8Td2QPFWQMuK21qGy4PjVA
DA:74,1,7HiDOJictbLg+BtB1zgwMA
DA:75,1,tsfN/Eg25tpwOu6NLbCOEQ
DA:76,1,Uw7rrirYfzXd8avNFnqygA
DA:78,1,yYYJN0FFWhrs3J0Zt6uOjg
DA:85,1,yYYJN0FFWhrs3J0Zt6uOjg
DA:86,1,PNXUfGnEysoIOrX1D/LRLw
DA:87,1,Q4DsCmJKrKBkaRf5gHmPzw
DA:89,1,UntDfNWeIJlMcYl/4Lg0pA
DA:31,0,6DFmnZvZ4kLgJzZkXYn1Og
DA:32,0,wkbhJRCtsjaQFEE11z4ESw
DA:43,0,NHJI9mVvAzZ2xMHLsl+vyQ
DA:79,0,PNXUfGnEysoIOrX1D/LRLw
DA:80,0,Q4DsCmJKrKBkaRf5gHmPzw
DA:82,0,UntDfNWeIJlMcYl/4Lg0pA
LF:41
LH:35
end_of_record
TN:
SF:src/amlaidatatests/tests/fixtures/__init__.py
DA:0,1,1B2M2Y8AsgTpgAmY7PhCfg
LF:0
LH:0
end_of_record
TN:
SF:src/amlaidatatests/tests/fixtures/fixtures.py
DA:1,1,6EqVyswJtxIE+9LVqyxOlA
DA:2,1,raqfLJYZZaCW0Wn5dF/6sA
DA:4,1,EKw0DD4XUzKr7p+U3/KPzw
DA:5,1,nJL5ELPfeJNMKt2B6RKe0g
DA:6,0,QK9hKfd8QIpPG4UpCV64qg
DA:7,0,E2z+ad+nCvPlAX1NpKcGVw
LF:6
LH:4
end_of_record
TN:
SF:src/amlaidatatests/tests/test_account_party_link.py
DA:3,1,KmdjxQwjE2ijM/zzJE6bzw
DA:4,1,fG5b+8Kf5relyHK6ku8nwA
DA:5,1,11jwQ2pAGVNRgEwcZgDJ7g
DA:6,1,FjuIJ0PdRTBhvP5P7zPcZA
DA:7,1,6EqVyswJtxIE+9LVqyxOlA
DA:9,1,CsCWNgKkFJwK0NQMSfUwKA
DA:11,1,QD3n4kmAOq9et2hFaLfmfQ
DA:12,1,pRfZjZUJs3DK2XHK/zsJ8A
DA:15,1,n3CDkFlMT/pgGwBgEkytQA
DA:21,1,picVkwo8S2lDrY54MfxKAQ
DA:22,1,WJH55aTohUz8ggwXxdf3Hg
DA:27,1,picVkwo8S2lDrY54MfxKAQ
DA:28,1,FfRxRUfhFRaT48veXg5bzQ
DA:32,1,TLpUOB2ZPX3m3U1arcA/BA
DA:37,1,gkFSISFcwlg9eG7xZlC0JQ
DA:40,1,5To/ZvrclR38++TlHUsgvA
DA:44,1,kX7lKOOG/r4BqyPLJ71EoQ
DA:45,1,GMsdiGN5RlTTDcPWBA4m3Q
DA:13,0,IgLp7JeUXaRrtSgslqHPow
DA:16,0,Le2xLogIm9iSLz/T5mI9DQ
DA:18,0,ddsoWqz60TfTgsFyspNQ+w
DA:23,0,HUyCLFw+V4UeNIkHH77Cfg
DA:24,0,ddsoWqz60TfTgsFyspNQ+w
DA:29,0,IswyFI1WN/RYe5F0Abv7kA
DA:30,0,ddsoWqz60TfTgsFyspNQ+w
DA:33,0,BrTUodY+3FACLhCxLpSnkg
DA:34,0,xgbffV7cI+Y6ipjBmWVG5w
DA:35,0,ddsoWqz60TfTgsFyspNQ+w
DA:41,0,EPO87tqI6KVO3BIEEvpbCQ
DA:42,0,ddsoWqz60TfTgsFyspNQ+w
DA:46,0,IgLp7JeUXaRrtSgslqHPow
LF:31
LH:18
end_of_record
TN:
SF:src/amlaidatatests/tests/test_party_supplementary_table.py
DA:3,1,KmdjxQwjE2ijM/zzJE6bzw
DA:4,1,GW9/RtdrNsNW/vthUUIDLA
DA:5,1,11jwQ2pAGVNRgEwcZgDJ7g
DA:6,1,15EO11HyMgt5qqrOVjpLxQ
DA:7,1,6EqVyswJtxIE+9LVqyxOlA
DA:10,1,Q9scQ5FydinNbwRlwUWygQ
DA:13,1,wWC60Ogj7B9Uc+/oWlDH1A
DA:14,1,pRfZjZUJs3DK2XHK/zsJ8A
DA:17,1,n3CDkFlMT/pgGwBgEkytQA
DA:21,1,oxZ1XvXMwwHc1oLo/iotSw
DA:22,1,GMsdiGN5RlTTDcPWBA4m3Q
DA:26,1,picVkwo8S2lDrY54MfxKAQ
DA:27,1,itoXjVPNmBC7PXfm01ElDA
DA:32,1,picVkwo8S2lDrY54MfxKAQ
DA:33,1,FfRxRUfhFRaT48veXg5bzQ
DA:40,1,MPescHQmCk3FT24EuiTQcw
DA:41,1,PIGKDSTuNcKdz0Mio2uG4w
DA:45,1,esPkfdpnt9yvuYe94Ws07w
DA:46,1,f5k7ehYeiSr+GkBYRWcjvw
DA:51,1,xQVNdxAJxuGw1z9RcZmDQw
DA:15,0,IgLp7JeUXaRrtSgslqHPow
DA:18,0,ECdY+24n8sWYvXyekrSiHw
DA:19,0,ddsoWqz60TfTgsFyspNQ+w
DA:23,0,IgLp7JeUXaRrtSgslqHPow
DA:28,0,HUyCLFw+V4UeNIkHH77Cfg
DA:29,0,ddsoWqz60TfTgsFyspNQ+w
DA:34,0,IswyFI1WN/RYe5F0Abv7kA
DA:35,0,ddsoWqz60TfTgsFyspNQ+w
DA:42,0,Lj9WdN0mdnXo2IBKosmdNQ
DA:43,0,ddsoWqz60TfTgsFyspNQ+w
DA:47,0,wsLxefukAIwusg8lXYwBtA
DA:48,0,v4c5lv8/IplUF065hA6HGQ
DA:49,0,ddsoWqz60TfTgsFyspNQ+w
DA:52,0,rCGfEIohPrj+43qNIYeuPw
LF:34
LH:20
end_of_record
TN:
SF:src/amlaidatatests/tests/test_party_table.py
DA:3,1,iqRJNkGjY9BPDXBeYyEj4g
DA:4,1,KmdjxQwjE2ijM/zzJE6bzw
DA:5,1,7Sv8wsQG5LKF8CiAKnyMKg
DA:6,1,MhSi0qfGRhtSIaVWUfSx4g
DA:7,1,11jwQ2pAGVNRgEwcZgDJ7g
DA:8,1,15EO11HyMgt5qqrOVjpLxQ
DA:9,1,6EqVyswJtxIE+9LVqyxOlA
DA:11,1,adRHRKK60LNorkgaFhM/hQ
DA:13,1,+wRgO1Vys3NGNAcmRoSnYg
DA:14,1,pRfZjZUJs3DK2XHK/zsJ8A
DA:17,1,n3CDkFlMT/pgGwBgEkytQA
DA:21,1,oxZ1XvXMwwHc1oLo/iotSw
DA:22,1,GMsdiGN5RlTTDcPWBA4m3Q
DA:25,1,VS+Xp7LAZmj1vvC8kRDIcQ
DA:26,1,hlVgGDCR9H4oTvpX1rty6Q
DA:27,1,SiBgpCW+09GlgCgLnUX3Yg
DA:31,1,picVkwo8S2lDrY54MfxKAQ
DA:32,1,itoXjVPNmBC7PXfm01ElDA
DA:37,1,picVkwo8S2lDrY54MfxKAQ
DA:38,1,FfRxRUfhFRaT48veXg5bzQ
DA:45,1,Ybx7GtjmWVj5adajmU2eBw
DA:46,1,t7foXBlWDI/G9UKcFN1GIg
DA:49,1,ubp8fMVo5LV4zw7RF2zzRw
DA:56,1,pUShZgonxdy00B2HyxwZpg
DA:59,1,ubp8fMVo5LV4zw7RF2zzRw
DA:65,1,Q3mKmAXWuVpp6oWlX1pWUg
DA:68,1,TLpUOB2ZPX3m3U1arcA/BA
DA:73,1,xQVNdxAJxuGw1z9RcZmDQw
DA:15,0,IgLp7JeUXaRrtSgslqHPow
DA:18,0,nxQo3MRXdakoFV2/G+VxTQ
DA:19,0,ddsoWqz60TfTgsFyspNQ+w
DA:23,0,IgLp7JeUXaRrtSgslqHPow
DA:28,0,+13Rc7hXzC26NgbQfsllJA
DA:33,0,HUyCLFw+V4UeNIkHH77Cfg
DA:34,0,ddsoWqz60TfTgsFyspNQ+w
DA:39,0,IswyFI1WN/RYe5F0Abv7kA
DA:40,0,ddsoWqz60TfTgsFyspNQ+w
DA:47,0,ddsoWqz60TfTgsFyspNQ+w
DA:57,0,ddsoWqz60TfTgsFyspNQ+w
DA:66,0,ddsoWqz60TfTgsFyspNQ+w
DA:69,0,xQ8xhJHdHQPGres4RwvlOA
DA:70,0,wzHpE208/uNOb0r9Be9FZw
DA:71,0,ddsoWqz60TfTgsFyspNQ+w
DA:74,0,rCGfEIohPrj+43qNIYeuPw
LF:44
LH:28
end_of_record
TN:
SF:src/amlaidatatests/tests/test_risk_case_event_table.py
DA:3,1,KmdjxQwjE2ijM/zzJE6bzw
DA:4,1,0933ys9tyf4d01XsAYGxyA
DA:5,1,MhSi0qfGRhtSIaVWUfSx4g
DA:6,1,11jwQ2pAGVNRgEwcZgDJ7g
DA:7,1,15EO11HyMgt5qqrOVjpLxQ
DA:8,1,6EqVyswJtxIE+9LVqyxOlA
DA:10,1,u7rTaOvBjTqryIcGUWVSLQ
DA:12,1,w8t9n6nSgURvLi2uEy78XQ
DA:13,1,pRfZjZUJs3DK2XHK/zsJ8A
DA:16,1,n3CDkFlMT/pgGwBgEkytQA
DA:20,1,VS+Xp7LAZmj1vvC8kRDIcQ
DA:21,1,hlVgGDCR9H4oTvpX1rty6Q
DA:22,1,SiBgpCW+09GlgCgLnUX3Yg
DA:26,1,picVkwo8S2lDrY54MfxKAQ
DA:27,1,itoXjVPNmBC7PXfm01ElDA
DA:32,1,picVkwo8S2lDrY54MfxKAQ
DA:33,1,FfRxRUfhFRaT48veXg5bzQ
DA:40,1,MPescHQmCk3FT24EuiTQcw
DA:41,1,PIGKDSTuNcKdz0Mio2uG4w
DA:45,1,gkFSISFcwlg9eG7xZlC0JQ
DA:48,1,5To/ZvrclR38++TlHUsgvA
DA:52,1,esPkfdpnt9yvuYe94Ws07w
DA:53,1,f5k7ehYeiSr+GkBYRWcjvw
DA:59,1,xQVNdxAJxuGw1z9RcZmDQw
DA:14,0,IgLp7JeUXaRrtSgslqHPow
DA:17,0,oWo++6Qo+aDpmN+HGZ3OWw
DA:18,0,ddsoWqz60TfTgsFyspNQ+w
DA:23,0,+13Rc7hXzC26NgbQfsllJA
DA:28,0,HUyCLFw+V4UeNIkHH77Cfg
DA:29,0,ddsoWqz60TfTgsFyspNQ+w
DA:34,0,IswyFI1WN/RYe5F0Abv7kA
DA:35,0,ddsoWqz60TfTgsFyspNQ+w
DA:42,0,Lj9WdN0mdnXo2IBKosmdNQ
DA:43,0,ddsoWqz60TfTgsFyspNQ+w
DA:49,0,EPO87tqI6KVO3BIEEvpbCQ
DA:50,0,ddsoWqz60TfTgsFyspNQ+w
DA:54,0,wsLxefukAIwusg8lXYwBtA
DA:55,0,v4c5lv8/IplUF065hA6HGQ
DA:56,0,ddsoWqz60TfTgsFyspNQ+w
DA:60,0,rCGfEIohPrj+43qNIYeuPw
LF:40
LH:24
end_of_record
TN:
SF:src/amlaidatatests/tests/test_transaction_table.py
DA:1,1,+DVPlD21KGBQ37W2IShnqA
DA:2,1,11jwQ2pAGVNRgEwcZgDJ7g
DA:3,1,KmdjxQwjE2ijM/zzJE6bzw
DA:4,1,15EO11HyMgt5qqrOVjpLxQ
DA:5,1,6EqVyswJtxIE+9LVqyxOlA
DA:7,1,wJJ13IBAjMqAuRY98vgoew
DA:9,1,+wRgO1Vys3NGNAcmRoSnYg
DA:10,1,pRfZjZUJs3DK2XHK/zsJ8A
DA:13,1,n3CDkFlMT/pgGwBgEkytQA
DA:18,1,picVkwo8S2lDrY54MfxKAQ
DA:19,1,itoXjVPNmBC7PXfm01ElDA
DA:24,1,picVkwo8S2lDrY54MfxKAQ
DA:25,1,FfRxRUfhFRaT48veXg5bzQ
DA:29,1,MPescHQmCk3FT24EuiTQcw
DA:30,1,PIGKDSTuNcKdz0Mio2uG4w
DA:34,1,Tlob0maEM06PWro4IFc+qQ
DA:35,1,f5k7ehYeiSr+GkBYRWcjvw
DA:40,1,3pxaZR1PmMky7Hyq/mrvJA
DA:41,1,GMsdiGN5RlTTDcPWBA4m3Q
DA:44,1,ubp8fMVo5LV4zw7RF2zzRw
DA:48,1,pUShZgonxdy00B2HyxwZpg
DA:51,1,VS+Xp7LAZmj1vvC8kRDIcQ
DA:52,1,hlVgGDCR9H4oTvpX1rty6Q
DA:53,1,SiBgpCW+09GlgCgLnUX3Yg
DA:11,0,IgLp7JeUXaRrtSgslqHPow
DA:14,0,55IOG8JhUpdVmunri8Nvzw
DA:15,0,ddsoWqz60TfTgsFyspNQ+w
DA:20,0,HUyCLFw+V4UeNIkHH77Cfg
DA:21,0,ddsoWqz60TfTgsFyspNQ+w
DA:26,0,IswyFI1WN/RYe5F0Abv7kA
DA:27,0,ddsoWqz60TfTgsFyspNQ+w
DA:31,0,Lj9WdN0mdnXo2IBKosmdNQ
DA:32,0,ddsoWqz60TfTgsFyspNQ+w
DA:36,0,wsLxefukAIwusg8lXYwBtA
DA:37,0,v4c5lv8/IplUF065hA6HGQ
DA:38,0,ddsoWqz60TfTgsFyspNQ+w
DA:42,0,IgLp7JeUXaRrtSgslqHPow
DA:49,0,ddsoWqz60TfTgsFyspNQ+w
DA:54,0,+13Rc7hXzC26NgbQfsllJA
LF:39
LH:24
end_of_record
