TN:
SF:src/__init__.py
LF:0
LH:0
end_of_record
TN:
SF:src/amlaidatatests/__init__.py
DA:0,1,1B2M2Y8AsgTpgAmY7PhCfg
LF:0
LH:0
end_of_record
TN:
SF:src/amlaidatatests/_version.py
DA:3,0,K4BcHq6j9qQ7cRidWzMN7A
DA:4,0,rOMIMlbvtyu7gXIIy/UEaQ
DA:5,0,pQWLc/BMrcb7ii2BZQdl9g
DA:6,0,12USX4fxbnQ6YrBEX7ZFoQ
DA:8,0,hNCmssAQZ7qoBdlllGUVzQ
DA:10,0,0dnmCTEGREssVDmkCY5u0A
DA:11,0,iLYM/fV/jWLjZj9/3dNIxw
DA:12,0,AfF3EtmHjV5rYFfAy7jLfg
DA:13,0,zpfTxDWxX1zLd64UN+J3cg
DA:15,0,7BabqqeZRWXhosj6aslx6A
DA:16,0,XmCUjxHo8v2boO21h19jIg
LF:11
LH:0
end_of_record
TN:
SF:src/amlaidatatests/config.py
DA:1,1,7HpIEQVf5K0efdTzo05mJg
DA:2,1,8d2CrmlOB2GQqBsCmpM3Nw
DA:3,1,ihyej8QOBmD4X2Z/VIfCWw
DA:4,1,Y21NOhBn7erm7BIweka30g
DA:5,1,/8f0ZQ5swQb2Y1sgeiN1qQ
DA:7,1,c9OLxyYH9v1tE3z4Kvdctw
DA:16,1,t/iyXCCuObSO7GdR834Gwg
DA:18,1,XdkWHqEBsaBKCRyRUjc/zQ
DA:19,1,ZrHTs4rBl4T3arKjJeXAiA
DA:20,1,EmQn6voRvxrID0EjQMjkUQ
DA:21,1,jjDMgmeJ7CvLUoQ5EtIK9w
DA:23,1,yT8TBMmOweeXl6QTVGP2LA
DA:25,1,A9zLd1vHIxh0Rae+ijTTUw
DA:26,1,nZeH2cXn5+mEVjH9tEALOg
DA:27,1,S6jEXheyyF65WqF0ykL+aA
DA:30,1,ofsYtwki8cuItKkg+WLPsA
DA:31,1,4/dcSi6V9KDpZ53HrULzgA
DA:36,1,XcvEW0PapHhb61UFkHjwow
DA:37,1,HBwCXTZ1wlAg7ZtrNgw4fA
DA:38,1,rMjslhWGEEOh1w7qOZvpaw
DA:40,1,Ul1m3p6wz/wjMmhoZ+pUgg
DA:41,1,yxCTQSsjmEpPReivdUgjYw
DA:43,1,xkNzv445V9WWXe4GntmhIw
DA:45,1,KxgaGtJPkScc4OG7mJ59vg
DA:46,1,BiOc8nmvEaeHraDrsFp6Ig
DA:47,1,oZwpLNISXVClsDl2Xk4Ulw
DA:48,1,tj+dc9Xaj+WrofSX91lUog
DA:50,1,XI1vkNGEkANYcTJT9yueGQ
DA:52,1,KxgaGtJPkScc4OG7mJ59vg
DA:53,1,KWWw5+AKiKjk8IzEbJ349A
DA:57,1,KxgaGtJPkScc4OG7mJ59vg
DA:58,1,/+li+wDtWrpGXTsUE9RSng
DA:59,1,zRLMDUTvjx4jM7a0MxJ5+A
DA:61,1,KxgaGtJPkScc4OG7mJ59vg
DA:62,1,01XXewCsVF+AJPkKcfSpsQ
DA:66,1,xQVNdxAJxuGw1z9RcZmDQw
DA:9,0,VXTE4xyinKiq5G3rRxSwDQ
DA:10,0,pYHqCoPWxQiGbtbq+b5nfQ
DA:12,0,Jn9us+Gg2tVB8FzpMqV31w
DA:14,0,RV2IQGVmYZU3kGhk7pYH0A
DA:49,0,Ji9VVXgNFv8STYOBqZ+z6A
DA:54,0,oZwpLNISXVClsDl2Xk4Ulw
DA:55,0,fZxxOvF0s/BGxJirQ3vOEg
DA:63,0,oZwpLNISXVClsDl2Xk4Ulw
DA:64,0,Gt3PUTkcXrItLvDlpr8/7Q
DA:67,0,4GI3inYPsJCc/IdewODPmw
DA:68,0,fqInnXfCYCOkkQ1PiE0eKw
DA:69,0,UjK2J2yZwP9ua6iHXt+fPA
DA:70,0,R8TvrbTTnmqsguGVW+ilOg
LF:49
LH:36
end_of_record
TN:
SF:src/amlaidatatests/connection.py
DA:1,1,jEc91tz0B1b2beSYnS+UDQ
DA:2,1,fpwGADQQQZ9cEO11HiZeLA
DA:3,1,OF/rmagEcs61EfIk9d5cAw
DA:4,1,/8f0ZQ5swQb2Y1sgeiN1qQ
DA:7,1,brkkoCVIMows+aQbdEZ1aQ
DA:8,1,x9YYL8f04KHNKNLJUVqsMw
DA:9,1,eDhPKfl0pgjNNQEO74EIsw
DA:12,1,XfFOcOvlYlbEvEit6DqcBg
DA:13,1,4Bfh8adYJ52BIfWopJni1Q
DA:15,1,QbjtT9miC/auFqgd+ovQpA
DA:16,1,E2z+ad+nCvPlAX1NpKcGVw
LF:11
LH:11
end_of_record
TN:
SF:src/amlaidatatests/io.py
DA:1,0,o8rt9OfQSRPEsk8KcrEtdg
DA:2,0,Bo+fw5rWJOMiWor90VnO6w
DA:3,0,wbex0Ytf94b7jE0u9OATig
DA:4,0,434OkAYIazkGJKsEvbsloQ
DA:5,0,dgTUdsoINk0Oh0Kv3yQFwA
DA:7,0,IlXsS/+kJ0qZLNpxOtQj+A
DA:9,0,XiKV4fkSoHz7ybGNkWBrxw
DA:10,0,KgreQkZmYYq+dazvRVQLcA
DA:11,0,LXInevfl7hu3BmmPhorHKw
DA:12,0,zmGCsSmFJpAebHK60OcbSw
DA:13,0,kRg62ZyattP9SZQY3qacYg
DA:15,0,EnkmX1eCFUYwdNEqGf8CzQ
DA:18,0,IxQ9ZSJwAtzA65WbZnYFCw
DA:19,0,BaeXjG7Rb3W20ug/wDl/kg
DA:20,0,4x3a19V/91UD6sIdVosirg
DA:22,0,zOkhLDqNWnE7R0v9TeH62g
DA:23,0,XfQa01XKP/gP/Ny55IHcow
DA:25,0,2f/FmPY69fBEXpcfLD78Nw
DA:27,0,nbP5wV9xMYzM17DocQFb/A
DA:28,0,jeMQL0ZP11MEe8AFdrmazg
DA:29,0,sQIpFb1YIAVHHZgpfVyiGw
DA:31,0,JKxl1BSKhSvQbtCf1gUcyw
DA:33,0,4j3dZT6BYl/cYSuxc6/8YQ
DA:35,0,fK2hHXLX4FAwtKUyImRgqg
DA:38,0,SQCIchXePdAM1T12COquFA
DA:39,0,KgreQkZmYYq+dazvRVQLcA
DA:40,0,IxQ9ZSJwAtzA65WbZnYFCw
DA:41,0,LXInevfl7hu3BmmPhorHKw
DA:42,0,zmGCsSmFJpAebHK60OcbSw
DA:43,0,kRg62ZyattP9SZQY3qacYg
DA:45,0,EnkmX1eCFUYwdNEqGf8CzQ
DA:48,0,CZd38qNMKnM3QPVLZ/Br9w
DA:51,0,1xZnRMknDzFD4BzW9ahe/w
DA:52,0,q89NVWm8Q+BZnXw/qjXqgg
DA:53,0,ddZPi1iyV5hoV8R439neAQ
DA:54,0,9yq8UDF/5/Q2hhYaDQhbQQ
DA:56,0,rDY/yKDYR1DCEQC1mcgtBw
DA:57,0,J6U/y02NNVCzojvA/SZNFw
DA:58,0,ddZPi1iyV5hoV8R439neAQ
DA:59,0,9yq8UDF/5/Q2hhYaDQhbQQ
LF:40
LH:0
end_of_record
TN:
SF:src/amlaidatatests/main.py
DA:1,0,7Z9Lj4ed27Wf2hBX6jooEA
DA:2,0,6EqVyswJtxIE+9LVqyxOlA
DA:3,0,mUDsnWRiqW9R9nTILGKIZg
DA:5,0,Gr7aH7iFPADnSUfHt04K4w
DA:7,0,8n1vqjGzRM2qV73xZdOEfQ
DA:19,0,xQVNdxAJxuGw1z9RcZmDQw
DA:54,0,R91JspHnfgDUQJ4iDwVgbw
LF:7
LH:0
end_of_record
TN:
SF:src/amlaidatatests/schema/__init__.py
DA:1,0,0tRnYWT7fnP6+iJzpYJFFA
LF:1
LH:0
end_of_record
TN:
SF:src/amlaidatatests/schema/base.py
DA:2,0,0tRnYWT7fnP6+iJzpYJFFA
DA:3,0,7HpIEQVf5K0efdTzo05mJg
DA:4,0,GusTQ8rnslKGIeoIX1fGdQ
DA:5,0,KZGc9Y72kW0EY7Ln8Ppq8w
DA:7,0,CT9XrugR0VmgtyLiirko8A
DA:8,0,i2G2fMElISp1CT1/pWJTOA
DA:9,0,3pyqk/wIUg+chtiG1pN7WQ
DA:10,0,Emqf2WCNLbMaOek0g234kA
DA:11,0,XWVcidcdDY9dhsvqTfQrEg
DA:13,0,D1SXH43T2SqRZTu4EU0ZwA
DA:15,0,HmADa1g/W1C2Vo9Wm4sNNA
DA:16,0,XoVUOkRyu3PGO4dLV1agZw
DA:17,0,FQMDneqI1pQi9g0CN10EqQ
DA:18,0,wWvyVCzDRWfTVXhFZNNl1w
DA:20,0,8LpUmn9JgiX5RQuVBmB1tg
DA:21,0,25HWDoi1b3vXHZ6XYx7IOA
DA:23,0,BtHuVQOo0k6n/hBzKN9pow
DA:24,0,uRaHpHyXLhJ0FzAiYbse/Q
LF:18
LH:0
end_of_record
TN:
SF:src/amlaidatatests/schema/utils.py
DA:1,0,R6QT1gTcGomsAI4QcwqTgA
DA:2,0,fpwGADQQQZ9cEO11HiZeLA
DA:3,0,AKsz3LwHLAkOd3iBJX56ig
DA:4,0,OF/rmagEcs61EfIk9d5cAw
DA:5,0,hiy/EIkNJjYx0dLfg7xrPg
DA:8,0,++fybJsFSpOOeDJzagBFOg
DA:10,0,BVFDQcI3oWciViWDuBdpIA
DA:11,0,4ikk30qZS74pGMJN0cA6Rw
DA:12,0,B/Fo9U4/nMeRNS1JjGZVyQ
DA:13,0,ITVbM/It0Ckl1Vii10N3og
DA:14,0,Re9q7nFGr6AeAzv1SG5aWg
DA:15,0,bKkSfucls8CZDWT5t/8Quw
DA:16,0,QbaCrH40wBVT7HO6+W6PMQ
DA:17,0,KBxAxMVSyvTMOLfCt9LwRw
DA:20,0,ozzEIrPlV7LpAVVCKAYmrg
DA:21,0,eon0sl5n8ayk2n9jeEKadg
DA:22,0,nR9D9dFPN8Bx5Inj5Hgelw
DA:23,0,q55bCGxcS2AQ2Maa+tyE+w
DA:24,0,bsZ6IOKxdpZ20p2K+dRAOQ
DA:25,0,tf+g1zFPC6de62Gsgylbww
DA:26,0,ID+sBpUKqLAPljoKOKFAkw
DA:28,0,if1snJlgEV1UEyjXgjDrwg
DA:33,0,yBB7g7OjIu7lc7TzyKIcpw
DA:34,0,DFQ5Gl4TppkRBT2FO61DmQ
DA:36,0,H4fftg1CL6eLibSDND5kUw
DA:38,0,+O99oX4QGRnbUSm4rJeIIQ
DA:39,0,BVFDQcI3oWciViWDuBdpIA
DA:40,0,5QNBGxF5/x8qYlg+hHS1sQ
DA:45,0,xQVNdxAJxuGw1z9RcZmDQw
DA:46,0,pCKLuKFwxw4JQHL+G2gJ4A
LF:30
LH:0
end_of_record
TN:
SF:src/amlaidatatests/schema/v1/__init__.py
DA:1,0,vaqsBn2IJzSzqYypAUXqqw
DA:2,0,aqJEq36cJQGkB4wT+LvFDg
DA:3,0,3CV0TXuut7PGBT23Dve9lQ
DA:4,0,RMK9/dRlrq8RPAqMzz3F0g
DA:5,0,u0yv3H8M91x3iE1kuTXOIQ
LF:5
LH:0
end_of_record
TN:
SF:src/amlaidatatests/schema/v1/account_party_link.py
DA:1,0,7dLvuSpZJpzmyJNsBmIkEg
DA:2,0,OF/rmagEcs61EfIk9d5cAw
DA:3,0,kFXTZM7FWzBo8bGnGcgNTw
DA:4,0,uUZflZ0jsfV0KXKzWgqZKw
DA:14,0,+TT9TX7jsj9IKCL2/11V+Q
DA:22,0,H66RNafthRvbzmvtSxrRfA
LF:6
LH:0
end_of_record
TN:
SF:src/amlaidatatests/schema/v1/common.py
DA:1,0,0ss7XttiVRrGiY7BN1lJJA
DA:5,0,X8wMBcn32aYEdDKNZgQ//Q
DA:6,0,mTbtQQEX5SjuvQd8rqeNtg
DA:15,0,dfYKuc64TZWAcddwt5Vqpg
DA:16,0,mTbtQQEX5SjuvQd8rqeNtg
LF:5
LH:0
end_of_record
TN:
SF:src/amlaidatatests/schema/v1/party.py
DA:1,0,9VDH23MUQAhGtPeGMV+6yg
DA:2,0,OF/rmagEcs61EfIk9d5cAw
DA:3,0,DTrtCFRr42GnAzfiHJQxRQ
DA:22,0,hGXdt3k+OJBwDTPK3Ern3Q
LF:4
LH:0
end_of_record
TN:
SF:src/amlaidatatests/schema/v1/party_supplementary_data.py
DA:1,0,9VDH23MUQAhGtPeGMV+6yg
DA:2,0,OF/rmagEcs61EfIk9d5cAw
DA:3,0,/XWJveV+Nm1dflHcwL8Bnw
DA:22,0,RKTZvR3lGvGBJMZCcHjEjA
LF:4
LH:0
end_of_record
TN:
SF:src/amlaidatatests/schema/v1/risk_case_event.py
DA:1,0,7dLvuSpZJpzmyJNsBmIkEg
DA:2,0,T77nsuA6M3PD30ytLRmCcA
DA:10,0,nlxxyLzVFEA3nJFprd+lfw
LF:3
LH:0
end_of_record
TN:
SF:src/amlaidatatests/schema/v1/tables.py
DA:1,0,U/0TvqueFxdcVFvAgmxyUw
DA:2,0,EgrqhfCj8J0AzMeR4ILQUw
DA:4,0,EVgX/EmYgDh9kPn+ybL2lw
DA:5,0,J5fC6um1nZrSklTKVezhKg
LF:4
LH:0
end_of_record
TN:
SF:src/amlaidatatests/schema/v1/transaction.py
DA:1,0,9VDH23MUQAhGtPeGMV+6yg
DA:2,0,OF/rmagEcs61EfIk9d5cAw
DA:3,0,IfY/KLnT0HxA8fRBEiLcLQ
DA:6,0,p0hRX5Nxt3UvrbuNH2H74Q
LF:4
LH:0
end_of_record
TN:
SF:src/amlaidatatests/seeds/__init__.py
LF:0
LH:0
end_of_record
TN:
SF:src/amlaidatatests/singleton.py
DA:29,1,50k0FpQFtVUqNFoMXZz8cA
DA:30,1,vRaOBCrOj5sJ/0F+vWy31A
DA:32,1,XifLjCwuUIGafZ8mT5oDag
DA:35,1,M1GrAaDIJF7/7yBbe2Z/Tg
DA:36,1,0+kbvSAOkU357POPHv/rpA
DA:38,1,g+N7FDnHklGSboLZvUDMig
DA:39,1,uuvA3ZZ50+ovD38vUDspEw
DA:40,1,35O+gNuZIh6RrWy7mOhU2Q
DA:41,1,rLEEQdEGEpRH3UvpXFBgRQ
DA:43,1,kXrKFe0+1nSsbdBGqpJkeA
DA:44,1,0WCim0CyDlYDM6h+mLJQwA
DA:46,1,KxgaGtJPkScc4OG7mJ59vg
DA:47,1,4D09Jnj+HjMyH3mDIZjgbw
DA:55,1,KxgaGtJPkScc4OG7mJ59vg
DA:56,1,hlVDZI2tAWqrc5142DZzgA
DA:48,0,q2ygAwoLwCcdnzN6OMLJzQ
DA:50,0,xD//Fkn+kpQyWk8pVb3isQ
DA:57,0,khRsKtDiELP3PwnfXX8zUg
DA:59,0,5othNQQlCJgBs2tfCkFP8A
LF:19
LH:15
end_of_record
TN:
SF:src/amlaidatatests/test_generators.py
DA:1,0,l3nhicvq6q+R3WkfKdsNMw
DA:2,0,m7XN/LHLG9ugAVAbXdHdxw
DA:3,0,bVwdASY9zk6hIujE54qc7g
DA:4,0,tIoNKHs9f4nl0a5I1LC67w
DA:5,0,5FgW0tZE36afuNvjjJseSg
DA:6,0,Xjx3WwhBp0p4jmvZg9B74w
DA:7,0,/THFWGwVFlxo9ZW4oD0R0g
DA:10,0,82HOI1INxIdJMwnIS1DsJg
DA:14,0,09BBTdQIy8szdetmaFuPyA
DA:27,0,o+/yi93Ci3HABolgATxwoA
DA:28,0,J/H+rPLqo5te5OF9UKDEig
DA:31,0,o0VDYigRpIFZMdlx0hRFyg
DA:34,0,Z6pQJplrPl0JLHOVZrdArg
DA:44,0,gjG7oVDy1EdF4XV4UCuJoQ
DA:47,0,+vbkiJEuRoME0c9U5+JKiw
DA:60,0,e8bhoghycUzwnZTGXEig7Q
DA:61,0,fv6tZAH3Nn+SHcyHM2b/zA
DA:63,0,H55jY2Byy89EBaCEO/gmzg
DA:64,0,Y30M1RL+bXC9141yN6/tHQ
DA:67,0,O/Gr7Aq9NjkGjlj1BQOI7g
DA:69,0,Q4qCQheplUUE8QheNzQShA
DA:70,0,Acn3QPtX0038sJ+BsFKutA
DA:73,0,O/Gr7Aq9NjkGjlj1BQOI7g
DA:75,0,1w6/zNenfz941tzZtYerag
DA:76,0,uMnlgfvjH8x0FcoroGZfTw
DA:77,0,HRmYgrUgQRrlHMAQ7gWdXQ
DA:78,0,JZeIO/Dr5vEHUthute1LfA
DA:79,0,NTrsP1Huw4GDzPLbi22UkA
DA:82,0,7FiAcWj1ayEShGJnOI0z5g
DA:86,0,H6jAg4mv8Ciiqm98m3mj4Q
DA:96,0,9/drJS7dMrquX4eiMrq/5A
DA:97,0,eJ6zrxnLWn/k18a2vHOhRA
DA:99,0,vdOhtpKH2o0BcXZnipZmzA
DA:100,0,fv6tZAH3Nn+SHcyHM2b/zA
DA:101,0,H55jY2Byy89EBaCEO/gmzg
DA:102,0,+IM36F5use3beMiTaTJTqw
DA:103,0,GgHZqvOrKtNURPciOrPQ3g
DA:105,0,Q4qCQheplUUE8QheNzQShA
DA:106,0,XiouJ+ybj8gcf4271JO+TA
DA:107,0,GgHZqvOrKtNURPciOrPQ3g
DA:110,0,Tz7omiERV+Ofrv+O1wfn4w
DA:111,0,mlvl/nSvDS8MrEM5G08/lA
DA:113,0,7FiAcWj1ayEShGJnOI0z5g
DA:115,0,AZVHHiivwRj838KS8Sqh5w
DA:118,0,+zo09oHM8F5GWgwhch0AuA
DA:119,0,eICA0GIck5K5Ar6wyti7vg
DA:120,0,Fuk6DGnRpAsKKpKSO6kmDw
DA:121,0,6iUDGg7wOeX9+nuIx3y9vA
DA:122,0,JbMXXe0ls69ii9BrKVDIxw
DA:123,0,6c+LyGwiVCLrObofNm55Eg
DA:124,0,2MouvkfYYKfOfC95Fszc8A
DA:125,0,Rp80ghjjpfX78BBwWRRI4w
DA:127,0,xrW7Q0l6R3fWREGYV7ON6Q
DA:128,0,E+sVKpzMw9Lya2+QFmkXhg
DA:130,0,1sxi91gqoD9yAUqnczbikg
DA:133,0,GlcDOrVgIAOfud8InAdPgg
LF:56
LH:0
end_of_record
TN:
SF:src/amlaidatatests/tests/__init__.py
DA:1,1,ArJ2/VtoD7R8QpLJwFUE/Q
LF:1
LH:1
end_of_record
TN:
SF:src/amlaidatatests/tests/base.py
DA:1,1,TPi4NwMqSyMP/EhQ7c8zWA
DA:2,1,jEc91tz0B1b2beSYnS+UDQ
DA:3,1,p2cujZM0F5y5Ni4J+7Lypg
DA:4,1,3rVQoH2U5BBIeoODP7e8bw
DA:5,1,eVP38wze70uFeplcXsiuAA
DA:6,1,OszntJlEhByYBo2xlq62NA
DA:7,1,6EqVyswJtxIE+9LVqyxOlA
DA:8,1,4ALl6d9EhWWiUnP9ESDw+w
DA:10,1,sPi9E7FXuPb/DuWwzM9cAw
DA:11,1,PdeqDqr4bOft68ON3+/7kg
DA:13,1,8w5vz80WV8hlAiAxx4T7xQ
DA:15,1,k9memMx7ZA97vrjBqiIAFA
DA:18,1,QjnukxbVAUdofvgncKmU9A
DA:19,1,M0hQVnmcGO7wN961lz2BiA
DA:20,1,cg0vxdll6aEZ5yZJVA5tmQ
DA:21,1,V/9/wmg9bU51HNRbD1xQBg
DA:24,1,50N0lSYU4YSsYBJH36CvCQ
DA:29,1,IlOQqkqcqP5Ufdu1g11ktQ
DA:30,1,A0fEo1rWbYxRifAc9MhNDw
DA:32,1,7T9UCDJkFY43/no7dqnmFg
DA:33,1,wyDr1RUKEfQshCdlRuukNQ
DA:34,1,2QwPSTtYnu6B3ITwBKB/sw
DA:35,1,Lzp+4q2YjhsRrL1hy6V7mA
DA:37,1,tCW96xzCIRIckI9t7xsccg
DA:38,1,HmADa1g/W1C2Vo9Wm4sNNA
DA:39,1,7ZThjOb8LC5qjv7BER/8cw
DA:46,1,O+j727wPD4tUdcVHrfr2UA
DA:48,1,DX/i6twzyQQ9jsqGTfDkDg
DA:49,1,P0JYS0PJ6DZACwALXBnqQQ
DA:50,1,WOwJxA6R7uUewE816b2YBA
DA:52,1,HmADa1g/W1C2Vo9Wm4sNNA
DA:53,1,7ZThjOb8LC5qjv7BER/8cw
DA:58,1,qjh6ZiNltepHUvKk1byYOA
DA:61,1,2Ne9WOIElkRLV9FRBM7wkA
DA:62,1,xjcDBnSwra0OiNOAYAwoHA
DA:63,1,RtHyC5Y7uiQVeNxauW1LzQ
DA:64,1,MnzpXe1veqpfA7nIMRo0OA
DA:71,1,Ch92IVDGqGsp0I26VAuzNg
DA:74,1,/bXaAzCWv1S6sec3jt6LLQ
DA:76,1,MHdtUC+el5fiwcmWUHjRTQ
DA:77,1,QqInmqLRscVcoyn0yMUvVw
DA:80,1,bcfBK8B7H8mq/VQRXgmoFg
DA:82,1,b5wPZ7D6a/B/eO+K1XjiwA
DA:84,1,o+MArQz6/Y4wAztzfTUD0Q
DA:87,1,Qus3NuWtjcUWc5CAljsdvw
DA:88,1,LDp1Ri3VOjVP2YDtc21d4w
DA:89,1,/qZ1BE2jZj282KPFC0RpUg
DA:91,1,HmADa1g/W1C2Vo9Wm4sNNA
DA:92,1,7ZThjOb8LC5qjv7BER/8cw
DA:98,1,qjh6ZiNltepHUvKk1byYOA
DA:101,1,PMY4sB0UejYpbYtHbdK55Q
DA:102,1,KvqJzadkLEmMQ3p1k3NWww
DA:104,1,jDwxHKe3gZEIxqmvDCPXZQ
DA:107,1,MHdtUC+el5fiwcmWUHjRTQ
DA:108,1,mEJ79JardtGB/SYYtyNKug
DA:109,1,zomi70N8XoPV+hm5YMKtkg
DA:112,1,xjcDBnSwra0OiNOAYAwoHA
DA:113,1,MS7VFV3z7IpwI2WFqnW6PQ
DA:114,1,fM74faH3AYcKE/XXRSMGHw
DA:115,1,U/NmuacaYv7WUDGqkkFdQQ
DA:116,1,DVjAmqtdvJBaAmXiWDp4UA
DA:117,1,aH8F01ldP0zF7HxRQPE5yQ
DA:119,1,B+ZJQ8zBxPMiDZhsnR0Fag
DA:121,1,QqInmqLRscVcoyn0yMUvVw
DA:122,1,eWU3FJkr0poZQpkYY+KMAw
DA:27,0,4MBJCoGa/EdHEn2NuOPCow
DA:28,0,B7Wig83kQ4a9RVszHzzv7g
DA:42,0,apkQQtiiE4JOuDIBvLOUjQ
DA:56,0,hA0EN4DT4cSVmWxUQfARmA
DA:59,0,G92+VfUfow0+s71xT4Fn2Q
DA:65,0,EX2BlAaBKQ86yoKmChydVA
DA:66,0,aPjaJgsG/L7VWx1oyjEVLA
DA:67,0,Qhq6bvXweeruQqUNh+IeBA
DA:69,0,+hNLxzOscdFQpaxktnBcUg
DA:72,0,wWvyVCzDRWfTVXhFZNNl1w
DA:95,0,q54JqoyrrNS6AQ+9/v/QFQ
DA:99,0,G92+VfUfow0+s71xT4Fn2Q
DA:110,0,5YzwICIb74Xu7Rdhgh4X4g
DA:111,0,LuJ/ePOmgdXvTeWq5/OQ3Q
DA:124,0,10dynCpKN5OEMiMqRyBy5g
LF:80
LH:65
end_of_record
TN:
SF:src/amlaidatatests/tests/common.py
DA:3,1,/wxPxs/W03OeuC4sW2baSg
DA:4,1,nmQ0Kyf/P6DXU/OxksVJkg
DA:5,1,14Blc1F5GR4s02zTpRijiw
DA:6,1,OF/rmagEcs61EfIk9d5cAw
DA:7,1,s+4lf0PJsX7BvIdTb65IBQ
DA:8,1,3rVQoH2U5BBIeoODP7e8bw
DA:9,1,uqQzsyLE2snBclOsmsd0qA
DA:10,1,eVP38wze70uFeplcXsiuAA
DA:11,1,uqQzsyLE2snBclOsmsd0qA
DA:12,1,JzIhaPs3R4a7lxL3mWpMvw
DA:15,1,oZRlYhJ6PaPzeeC9b2Ccbg
DA:16,1,PdeqDqr4bOft68ON3+/7kg
DA:19,1,8HJvYTqjyo3DwEdhCA9WLw
DA:21,1,DX/i6twzyQQ9jsqGTfDkDg
DA:22,1,TPWmU0JcPlm7j0B7J68MwA
DA:24,1,h7jUsSPodC9Grt+HfN8c7A
DA:25,1,bN0mCncaPEJod3GCZI2TGQ
DA:26,1,t+Np7rbk+nyj3hgstZqYvQ
DA:27,1,8VnqX4FjT2HwgTGZLoJfXA
DA:28,1,zathBlwj01PB5G4AkkMLkQ
DA:29,1,udz+nQdF8znTqJBgLkmTVw
DA:33,1,LOyP8HHvBrtd2hS8bfw/rQ
DA:35,1,DX/i6twzyQQ9jsqGTfDkDg
DA:38,1,h7jUsSPodC9Grt+HfN8c7A
DA:45,1,n6K0DtbBbAkryNYNsmIUaA
DA:47,1,5PxWuMqZfd6xVi4BoJnPJA
DA:48,1,TPWmU0JcPlm7j0B7J68MwA
DA:50,1,Xspco0BHLmXP3Aa2flEnkg
DA:51,1,z7DIT3njPMvERQ1811gHJQ
DA:52,1,dMz4eFypFlNrlM6iJN4IIg
DA:54,1,qjh6ZiNltepHUvKk1byYOA
DA:56,1,8kCSYRVBTLkdnguv8WrvJQ
DA:58,1,wFHjgRyHt87r7U1BXewZhw
DA:59,1,v/KCzZ4k32CKWc4LVrQYXw
DA:60,1,5zAF61VHM7g5GG3fvIJ7Xw
DA:61,1,bq1wvH0mE9BsDZkGiEEOgg
DA:62,1,v8fkv8gGLIRcabQUkD7ACw
DA:64,1,L+kKyUUhli3/dJw3/gsMsA
DA:66,1,XDodrbmEhNhqx6Le0rYxTw
DA:74,1,qjh6ZiNltepHUvKk1byYOA
DA:93,1,e7+UtwscB2NrXlpjxOB7JA
DA:95,1,h7jUsSPodC9Grt+HfN8c7A
DA:96,1,xjcDBnSwra0OiNOAYAwoHA
DA:97,1,3VvmiK3vW4DiMFIBxtwBsg
DA:98,1,FaF2SktukO5XE6hXYGfSgQ
DA:99,1,6j3Bd9GgXnFkMNZPJ8bzhA
DA:101,1,XkPTTaJZzAbi/9xh5zfDlg
DA:103,1,h7jUsSPodC9Grt+HfN8c7A
DA:113,1,T7Qi3wLaE9LEK06VNtFF5A
DA:114,1,f1S414InKRV3zOgxTARbew
DA:115,1,PCgarla/TlYqHq4rkrwoQA
DA:117,1,6cQVwuqw4eK1jID1meU6Sg
DA:118,1,mGj3cREo5LgBH5ToYOLisw
DA:119,1,lPtwPe85dqbmPUwwf/N08w
DA:120,1,LyRYBTs0Ub+zqAZx1q+cHA
DA:121,1,lw2y6+ynDzU8iuTJHFrVgw
DA:124,1,FKwA71AwbELA/E5W+uFsWA
DA:126,1,7Pf/EFFl/+pk3UTE9+7nqA
DA:129,1,5wmOJg13aoSOX7mqiVNwKQ
DA:130,1,K2vO87J1lP8JCZmdjtWlAA
DA:131,1,VkD8T5vUztnoMhqam/ZrxQ
DA:132,1,kXt58GxuTqz55/Zc/VF0Gw
DA:133,1,3hKwTLnuCZ2C4KRBJKEMhA
DA:134,1,g3h3w738W0R1AwCyEHkoYw
DA:136,1,ncDneNiI3reNwk4RnqGEPw
DA:137,1,coux0l+FtgeMVU1l3kSGbw
DA:138,1,s5Ff6hUfHEuBd9ZOMNO3Ww
DA:141,1,QDINtYMUycPMERuFVhU7nQ
DA:152,1,pWm3n6RHzRSvVJADoOHE/Q
DA:155,1,EPEtfKP/F7ISp6cXPHoJdA
DA:157,1,ly/9dOQJ3GWMLvg4LtTLIA
DA:158,1,BkeBXVwoqj9LMEVGFo5K5w
DA:159,1,xn6qlTFKaS0hlzM7p5CruQ
DA:161,1,h7jUsSPodC9Grt+HfN8c7A
DA:171,1,3bg1Ms3l9jKpJm4O+ueHOw
DA:173,1,hX6Qiw42ebyCJmIULgbDwA
DA:175,1,HmOuPzf+UytFa8aYRyTwfA
DA:181,1,nVQ2yUckH6TacPhxCLWWXg
DA:183,1,LYZ3fnbzOvMk7QIvG+bX4g
DA:184,1,Q2LkgZuoFvsnWFx8VNTzxQ
DA:185,1,8KR8x+43zDZdW9P9uzfhng
DA:186,1,X7NVb5paI2vThOyVY3EWMw
DA:188,1,42KCLNbI4eO8kHygyzDdkA
DA:190,1,Yan3/VJA3OJp7ke13AIcdg
DA:195,1,Gkr0DxUA+VvMY6MhZ9U59A
DA:196,1,2TG52NNutBb5AFuPfRUyxQ
DA:197,1,RFrIe3w03N3g+E2G4rqmIQ
DA:199,1,E7RSfOgBnEic9NGTAkOZ8g
DA:200,1,srwlHcghpgI5ZZPFbnC6uw
DA:203,1,h7jUsSPodC9Grt+HfN8c7A
DA:213,1,3bg1Ms3l9jKpJm4O+ueHOw
DA:215,1,0SohCYtet1MROz+bZZmkYg
DA:217,1,0SwkzdLUKuCmxFCDqiPA3Q
DA:219,1,I+dK1hE1zZq0Iz3L/G2l1Q
DA:220,1,MnzpXe1veqpfA7nIMRo0OA
DA:221,1,K38/HQ4mdYvTDHo/+lZ6Bw
DA:224,1,3/WZMnQ9ayh29jK2ZAqk8Q
DA:226,1,h7jUsSPodC9Grt+HfN8c7A
DA:236,1,3bg1Ms3l9jKpJm4O+ueHOw
DA:238,1,Z1OW7VDppq7WD+hqX/EkpQ
DA:240,1,pN6l7FT4cSPaJLd6io2zvA
DA:242,1,h/VCOLDliZ+49XLWUmgNUQ
DA:243,1,MnzpXe1veqpfA7nIMRo0OA
DA:244,1,miBsNU6mJN/HMFeS1dzNnA
DA:246,1,y+gdydH48YDfjmGoooBw0A
DA:248,1,h7jUsSPodC9Grt+HfN8c7A
DA:258,1,3bg1Ms3l9jKpJm4O+ueHOw
DA:260,1,vUBhTEADrCk3DkBYB5O+jA
DA:262,1,pN6l7FT4cSPaJLd6io2zvA
DA:264,1,h/VCOLDliZ+49XLWUmgNUQ
DA:265,1,MnzpXe1veqpfA7nIMRo0OA
DA:266,1,R+X3LSfKUrYV/6t+Xh+JEA
DA:270,1,WNcmowt6Px72UdII6XxTSA
DA:272,1,rusrVDE7qmIgwdaXQt345w
DA:273,1,v613Iv59oIksDluKCEwDtg
DA:274,1,j+aRs9r7rbDNlRtc4a/47g
DA:276,1,HmADa1g/W1C2Vo9Wm4sNNA
DA:277,1,7qU67H6zoYYsUO5/v9JhFg
DA:280,1,h7jUsSPodC9Grt+HfN8c7A
DA:281,1,fW6RvqcylOEFirioaE2Opw
DA:282,1,cJ3y/0/tl9LW0cpW+FzSUQ
DA:283,1,tWd16BtVTw1f2SLQIai7xA
DA:287,1,1euqolkle15PjjqFsiWCGg
DA:289,1,xVSKUN5Wd+AvOTc0Yo6slA
DA:291,1,BkeBXVwoqj9LMEVGFo5K5w
DA:292,1,E4+LSbNh6UROQ/lirA587g
DA:293,1,eoWbVq5NueyCjohbQuzW4A
DA:296,1,h7jUsSPodC9Grt+HfN8c7A
DA:297,1,3bg1Ms3l9jKpJm4O+ueHOw
DA:299,1,hjHRVqfJ8PbqVrlc1VLOTw
DA:300,1,zFv5CVdJ0gUGqTbIvzFNQA
DA:302,1,Kzx8xW/AudkkMT0AVnyz+A
DA:304,1,xVlbogIHQyEFB4ZmF1geRA
DA:305,1,cJ3y/0/tl9LW0cpW+FzSUQ
DA:306,1,WFdwAZVpgaPFYxFyFSLE5A
DA:308,1,GxCHXrBcr4/I4DlgG9MrTg
DA:310,1,j0oocnUpFYq9xnjChllAVw
DA:311,1,/qZ1BE2jZj282KPFC0RpUg
DA:312,1,r/Yfu2pro/Ww2x05cA9KxA
DA:313,1,vXblGbDgFOmMY8mgceJ/0w
DA:314,1,/wxB4KQ7hsYsOa6lLAIj8Q
DA:319,1,wgoldQv3io/kv7Xt3NdDUw
DA:320,1,MdfMj3UR/8+peML9l+gFQA
DA:321,1,cJ3y/0/tl9LW0cpW+FzSUQ
DA:322,1,mHkHwiI9Dt3t33/cvC8liQ
DA:324,1,eJ6zrxnLWn/k18a2vHOhRA
DA:36,0,TPWmU0JcPlm7j0B7J68MwA
DA:39,0,Gfj4PhLeyII+sdOmLjkduw
DA:41,0,6zbgNaz76C6LC0SkUde1tw
DA:42,0,tGd6+BBVwRR8b0niVTfETA
DA:67,0,/qZ1BE2jZj282KPFC0RpUg
DA:68,0,lvkJtCROCMGPiQEYmEIb7Q
DA:69,0,zEXgtvkQLiFkw7j0tq51Pw
DA:70,0,7Mue5L4qz3b+pVlEYtK0Tw
DA:71,0,eYvQ7VlWunuPrJpdofqnzQ
DA:72,0,nQ+2BNj1Mhd8UM3TbwhBPQ
DA:75,0,n1AknBq474fRcAuQXbErlQ
DA:76,0,U0CyqhbIYM4ZiY4BgNC+Jw
DA:77,0,AF8CehueqeIUtcI2L11oeQ
DA:78,0,mbdrbveTvoDM3YvH+tigBw
DA:79,0,3D1phtejCZSPfu1nRbMXlQ
DA:80,0,sn7RZSKeECZry3TY+w4qDA
DA:82,0,euyQvtm/lXzuEVGflVBi4w
DA:83,0,4YrpLAxyO0+fEfpLFrP5eg
DA:86,0,m/zApWI8McJLY2mbJYi8cA
DA:87,0,ubTmLipwFeUERHXgyVHcjg
DA:88,0,Q8JiGS4WMxTXvcQeJYqcpw
DA:89,0,Cz9qoVPzHbKrqSMEYBKblg
DA:139,0,e0cSQ78KHsZGGmDF9/bSZw
DA:140,0,3uhgPDxzPH2px1QAeO3oUg
DA:142,0,sk53mCLUeGFtlTjC7ZjRiQ
DA:146,0,Y4DmUdVKwFrs4NBebt5Apw
DA:147,0,KwEr5G3ktqF1JbCw7i38rw
DA:151,0,oto/I9CmdQWtNXPuwdw73w
DA:278,0,hXwkgGW4HfqUv0Kzv/KTjA
DA:317,0,FoIwSIJihK89UXB9F5VD9w
LF:176
LH:146
end_of_record
TN:
SF:src/amlaidatatests/tests/conftest.py
DA:1,1,egvKqOEXWSweYLFEIfoY4g
DA:2,1,qaCGhWPM9GgHwztRaq/bmQ
DA:3,1,ihyej8QOBmD4X2Z/VIfCWw
DA:4,1,UK6mfWrMcVFUe5fumx/PbA
DA:5,1,ad5x0zBNCbqo7Bty2hEc1g
DA:7,1,jhgCo7wCGS9F32lpa4P1YQ
DA:11,1,aXSqOVXwwYFFJ5lMLYC3cg
DA:14,1,SFaUcQxO4KIWwVdgZ8GzxQ
DA:15,1,hTE1rgDMrPr3J1EpZDoxSA
DA:23,1,m0CvueTMTpHVjyBC/tRDDA
DA:26,1,UXVWPX3vICoIfWBTd1ZwiQ
DA:27,1,CLSpjzKR/psJoH8ZxgCyqA
DA:28,1,VefyMZTy+X2DVVwSNax8LQ
DA:34,1,zBObD0uFIsu2DjwGF5nefQ
DA:37,1,kgfpnMyZCCDkaayn7YrxIg
DA:38,1,fdJY4ScIxkCviLy6w/mWlg
DA:40,1,KHPjnAUhB0KHtyDItbWpdw
DA:43,1,vO4SceOtr4Q8N1bFTQkbPA
DA:54,1,IqbvPPDgSKaDNXx3ekbx+w
DA:56,1,ImRoguLsz84AZyz/owijew
DA:57,1,bRX2JW6u/Lgpc/yJ6/qC5Q
DA:58,1,tsfN/Eg25tpwOu6NLbCOEQ
DA:59,1,kV9wNLJovwRB5VNPO89BbQ
DA:61,1,uSUK8+PGG/ZTG5VoVWmxCA
DA:63,1,8Td2QPFWQMuK21qGy4PjVA
DA:76,1,yYYJN0FFWhrs3J0Zt6uOjg
DA:29,0,6DFmnZvZ4kLgJzZkXYn1Og
DA:30,0,wkbhJRCtsjaQFEE11z4ESw
DA:41,0,NHJI9mVvAzZ2xMHLsl+vyQ
DA:55,0,l6TjtYHqcNyGECUCc2lV5w
DA:72,0,7HiDOJictbLg+BtB1zgwMA
DA:73,0,tsfN/Eg25tpwOu6NLbCOEQ
DA:74,0,Uw7rrirYfzXd8avNFnqygA
DA:77,0,PNXUfGnEysoIOrX1D/LRLw
DA:78,0,Q4DsCmJKrKBkaRf5gHmPzw
DA:80,0,UntDfNWeIJlMcYl/4Lg0pA
LF:36
LH:26
end_of_record
TN:
SF:src/amlaidatatests/tests/fixtures/__init__.py
DA:0,1,1B2M2Y8AsgTpgAmY7PhCfg
LF:0
LH:0
end_of_record
TN:
SF:src/amlaidatatests/tests/fixtures/fixtures.py
DA:1,1,6EqVyswJtxIE+9LVqyxOlA
DA:2,1,raqfLJYZZaCW0Wn5dF/6sA
DA:4,1,EKw0DD4XUzKr7p+U3/KPzw
DA:5,1,nJL5ELPfeJNMKt2B6RKe0g
DA:6,0,QK9hKfd8QIpPG4UpCV64qg
DA:7,0,E2z+ad+nCvPlAX1NpKcGVw
LF:6
LH:4
end_of_record
TN:
SF:src/amlaidatatests/tests/test_account_party_link.py
DA:3,0,KmdjxQwjE2ijM/zzJE6bzw
DA:4,0,fG5b+8Kf5relyHK6ku8nwA
DA:5,0,11jwQ2pAGVNRgEwcZgDJ7g
DA:6,0,FjuIJ0PdRTBhvP5P7zPcZA
DA:7,0,6EqVyswJtxIE+9LVqyxOlA
DA:9,0,CsCWNgKkFJwK0NQMSfUwKA
DA:11,0,D1+nNg4EH+XJhQqVe6DF4Q
DA:12,0,pRfZjZUJs3DK2XHK/zsJ8A
DA:13,0,IgLp7JeUXaRrtSgslqHPow
DA:15,0,n3CDkFlMT/pgGwBgEkytQA
DA:16,0,Le2xLogIm9iSLz/T5mI9DQ
DA:18,0,ddsoWqz60TfTgsFyspNQ+w
DA:21,0,picVkwo8S2lDrY54MfxKAQ
DA:22,0,WJH55aTohUz8ggwXxdf3Hg
DA:23,0,HUyCLFw+V4UeNIkHH77Cfg
DA:24,0,ddsoWqz60TfTgsFyspNQ+w
DA:27,0,picVkwo8S2lDrY54MfxKAQ
DA:28,0,FfRxRUfhFRaT48veXg5bzQ
DA:29,0,IswyFI1WN/RYe5F0Abv7kA
DA:30,0,ddsoWqz60TfTgsFyspNQ+w
DA:32,0,esPkfdpnt9yvuYe94Ws07w
DA:33,0,f5k7ehYeiSr+GkBYRWcjvw
DA:34,0,wsLxefukAIwusg8lXYwBtA
DA:35,0,v4c5lv8/IplUF065hA6HGQ
DA:36,0,ddsoWqz60TfTgsFyspNQ+w
DA:38,0,gkFSISFcwlg9eG7xZlC0JQ
DA:41,0,5To/ZvrclR38++TlHUsgvA
DA:42,0,EPO87tqI6KVO3BIEEvpbCQ
DA:43,0,ddsoWqz60TfTgsFyspNQ+w
DA:45,0,kX7lKOOG/r4BqyPLJ71EoQ
DA:46,0,GMsdiGN5RlTTDcPWBA4m3Q
DA:47,0,IgLp7JeUXaRrtSgslqHPow
LF:32
LH:0
end_of_record
TN:
SF:src/amlaidatatests/tests/test_party_supplementary_table.py
DA:3,0,KmdjxQwjE2ijM/zzJE6bzw
DA:4,0,NpuIELdt8sgfaMQrWIIWgw
DA:5,0,11jwQ2pAGVNRgEwcZgDJ7g
DA:6,0,TiT0+zsY35OtB6sEM+yUfA
DA:7,0,6EqVyswJtxIE+9LVqyxOlA
DA:10,0,Q9scQ5FydinNbwRlwUWygQ
DA:12,0,n3CDkFlMT/pgGwBgEkytQA
DA:13,0,ECdY+24n8sWYvXyekrSiHw
DA:14,0,ddsoWqz60TfTgsFyspNQ+w
DA:16,0,oxZ1XvXMwwHc1oLo/iotSw
DA:17,0,GMsdiGN5RlTTDcPWBA4m3Q
DA:18,0,IgLp7JeUXaRrtSgslqHPow
DA:21,0,picVkwo8S2lDrY54MfxKAQ
DA:22,0,itoXjVPNmBC7PXfm01ElDA
DA:23,0,HUyCLFw+V4UeNIkHH77Cfg
DA:24,0,ddsoWqz60TfTgsFyspNQ+w
DA:27,0,picVkwo8S2lDrY54MfxKAQ
DA:28,0,FfRxRUfhFRaT48veXg5bzQ
DA:29,0,IswyFI1WN/RYe5F0Abv7kA
DA:30,0,ddsoWqz60TfTgsFyspNQ+w
DA:35,0,MPescHQmCk3FT24EuiTQcw
DA:36,0,PIGKDSTuNcKdz0Mio2uG4w
DA:37,0,Lj9WdN0mdnXo2IBKosmdNQ
DA:38,0,ddsoWqz60TfTgsFyspNQ+w
DA:40,0,esPkfdpnt9yvuYe94Ws07w
DA:41,0,f5k7ehYeiSr+GkBYRWcjvw
DA:42,0,wsLxefukAIwusg8lXYwBtA
DA:43,0,v4c5lv8/IplUF065hA6HGQ
DA:44,0,ddsoWqz60TfTgsFyspNQ+w
DA:46,0,xQVNdxAJxuGw1z9RcZmDQw
DA:47,0,rCGfEIohPrj+43qNIYeuPw
LF:31
LH:0
end_of_record
TN:
SF:src/amlaidatatests/tests/test_party_table.py
DA:3,0,iqRJNkGjY9BPDXBeYyEj4g
DA:4,0,KmdjxQwjE2ijM/zzJE6bzw
DA:5,0,qvIigfms8KzxGhNw30wCTw
DA:6,0,MhSi0qfGRhtSIaVWUfSx4g
DA:7,0,11jwQ2pAGVNRgEwcZgDJ7g
DA:8,0,TiT0+zsY35OtB6sEM+yUfA
DA:9,0,6EqVyswJtxIE+9LVqyxOlA
DA:11,0,adRHRKK60LNorkgaFhM/hQ
DA:13,0,n3CDkFlMT/pgGwBgEkytQA
DA:14,0,nxQo3MRXdakoFV2/G+VxTQ
DA:15,0,ddsoWqz60TfTgsFyspNQ+w
DA:17,0,oxZ1XvXMwwHc1oLo/iotSw
DA:18,0,GMsdiGN5RlTTDcPWBA4m3Q
DA:19,0,IgLp7JeUXaRrtSgslqHPow
DA:21,0,VS+Xp7LAZmj1vvC8kRDIcQ
DA:22,0,hlVgGDCR9H4oTvpX1rty6Q
DA:23,0,SiBgpCW+09GlgCgLnUX3Yg
DA:24,0,+13Rc7hXzC26NgbQfsllJA
DA:27,0,picVkwo8S2lDrY54MfxKAQ
DA:28,0,itoXjVPNmBC7PXfm01ElDA
DA:29,0,HUyCLFw+V4UeNIkHH77Cfg
DA:30,0,ddsoWqz60TfTgsFyspNQ+w
DA:33,0,picVkwo8S2lDrY54MfxKAQ
DA:34,0,FfRxRUfhFRaT48veXg5bzQ
DA:35,0,IswyFI1WN/RYe5F0Abv7kA
DA:36,0,ddsoWqz60TfTgsFyspNQ+w
DA:41,0,Ybx7GtjmWVj5adajmU2eBw
DA:42,0,t7foXBlWDI/G9UKcFN1GIg
DA:43,0,ddsoWqz60TfTgsFyspNQ+w
DA:45,0,ubp8fMVo5LV4zw7RF2zzRw
DA:52,0,pUShZgonxdy00B2HyxwZpg
DA:53,0,ddsoWqz60TfTgsFyspNQ+w
DA:55,0,ubp8fMVo5LV4zw7RF2zzRw
DA:61,0,Q3mKmAXWuVpp6oWlX1pWUg
DA:62,0,ddsoWqz60TfTgsFyspNQ+w
DA:64,0,xQVNdxAJxuGw1z9RcZmDQw
DA:65,0,rCGfEIohPrj+43qNIYeuPw
LF:37
LH:0
end_of_record
TN:
SF:src/amlaidatatests/tests/test_risk_case_event_table.py
DA:3,0,KmdjxQwjE2ijM/zzJE6bzw
DA:4,0,ujxETVdaw21wbbNjqd1kJA
DA:5,0,MhSi0qfGRhtSIaVWUfSx4g
DA:6,0,11jwQ2pAGVNRgEwcZgDJ7g
DA:7,0,TiT0+zsY35OtB6sEM+yUfA
DA:8,0,6EqVyswJtxIE+9LVqyxOlA
DA:10,0,u7rTaOvBjTqryIcGUWVSLQ
DA:12,0,n3CDkFlMT/pgGwBgEkytQA
DA:13,0,oWo++6Qo+aDpmN+HGZ3OWw
DA:14,0,ddsoWqz60TfTgsFyspNQ+w
DA:16,0,oxZ1XvXMwwHc1oLo/iotSw
DA:17,0,GMsdiGN5RlTTDcPWBA4m3Q
DA:18,0,IgLp7JeUXaRrtSgslqHPow
DA:20,0,VS+Xp7LAZmj1vvC8kRDIcQ
DA:21,0,hlVgGDCR9H4oTvpX1rty6Q
DA:22,0,SiBgpCW+09GlgCgLnUX3Yg
DA:23,0,+13Rc7hXzC26NgbQfsllJA
DA:26,0,picVkwo8S2lDrY54MfxKAQ
DA:27,0,itoXjVPNmBC7PXfm01ElDA
DA:28,0,HUyCLFw+V4UeNIkHH77Cfg
DA:29,0,ddsoWqz60TfTgsFyspNQ+w
DA:32,0,picVkwo8S2lDrY54MfxKAQ
DA:33,0,FfRxRUfhFRaT48veXg5bzQ
DA:34,0,IswyFI1WN/RYe5F0Abv7kA
DA:35,0,ddsoWqz60TfTgsFyspNQ+w
DA:40,0,MPescHQmCk3FT24EuiTQcw
DA:41,0,PIGKDSTuNcKdz0Mio2uG4w
DA:42,0,Lj9WdN0mdnXo2IBKosmdNQ
DA:43,0,ddsoWqz60TfTgsFyspNQ+w
DA:45,0,gkFSISFcwlg9eG7xZlC0JQ
DA:48,0,5To/ZvrclR38++TlHUsgvA
DA:49,0,EPO87tqI6KVO3BIEEvpbCQ
DA:50,0,ddsoWqz60TfTgsFyspNQ+w
DA:52,0,esPkfdpnt9yvuYe94Ws07w
DA:53,0,f5k7ehYeiSr+GkBYRWcjvw
DA:54,0,wsLxefukAIwusg8lXYwBtA
DA:55,0,v4c5lv8/IplUF065hA6HGQ
DA:56,0,ddsoWqz60TfTgsFyspNQ+w
DA:59,0,xQVNdxAJxuGw1z9RcZmDQw
DA:60,0,rCGfEIohPrj+43qNIYeuPw
LF:40
LH:0
end_of_record
TN:
SF:src/amlaidatatests/tests/test_transaction_table.py
DA:1,0,18d2/HCHbDFN3zVTo1FtNg
DA:2,0,11jwQ2pAGVNRgEwcZgDJ7g
DA:3,0,KmdjxQwjE2ijM/zzJE6bzw
DA:4,0,TiT0+zsY35OtB6sEM+yUfA
DA:5,0,6EqVyswJtxIE+9LVqyxOlA
DA:7,0,wJJ13IBAjMqAuRY98vgoew
DA:9,0,n3CDkFlMT/pgGwBgEkytQA
DA:10,0,55IOG8JhUpdVmunri8Nvzw
DA:11,0,ddsoWqz60TfTgsFyspNQ+w
DA:14,0,picVkwo8S2lDrY54MfxKAQ
DA:15,0,itoXjVPNmBC7PXfm01ElDA
DA:16,0,HUyCLFw+V4UeNIkHH77Cfg
DA:17,0,ddsoWqz60TfTgsFyspNQ+w
DA:20,0,picVkwo8S2lDrY54MfxKAQ
DA:21,0,FfRxRUfhFRaT48veXg5bzQ
DA:22,0,IswyFI1WN/RYe5F0Abv7kA
DA:23,0,ddsoWqz60TfTgsFyspNQ+w
DA:25,0,MPescHQmCk3FT24EuiTQcw
DA:26,0,PIGKDSTuNcKdz0Mio2uG4w
DA:27,0,Lj9WdN0mdnXo2IBKosmdNQ
DA:28,0,ddsoWqz60TfTgsFyspNQ+w
DA:30,0,Tlob0maEM06PWro4IFc+qQ
DA:31,0,f5k7ehYeiSr+GkBYRWcjvw
DA:32,0,wsLxefukAIwusg8lXYwBtA
DA:33,0,v4c5lv8/IplUF065hA6HGQ
DA:34,0,ddsoWqz60TfTgsFyspNQ+w
DA:36,0,3pxaZR1PmMky7Hyq/mrvJA
DA:37,0,GMsdiGN5RlTTDcPWBA4m3Q
DA:38,0,IgLp7JeUXaRrtSgslqHPow
DA:40,0,ubp8fMVo5LV4zw7RF2zzRw
DA:44,0,pUShZgonxdy00B2HyxwZpg
DA:45,0,ddsoWqz60TfTgsFyspNQ+w
DA:47,0,VS+Xp7LAZmj1vvC8kRDIcQ
DA:48,0,hlVgGDCR9H4oTvpX1rty6Q
DA:49,0,SiBgpCW+09GlgCgLnUX3Yg
DA:50,0,+13Rc7hXzC26NgbQfsllJA
LF:36
LH:0
end_of_record
